Mar 21 14:37:54.892 INFO Ballot Leader Election componentMar 21 14:37:58.190 DEBG Newly elected leader: Ballot { n: 0, priority: 0, pid: 0 }
Mar 21 14:37:59.894 DEBG Newly elected leader: Ballot { n: 0, priority: 0, pid: 3 }
Mar 21 14:38:06.719 DEBG Newly elected leader: Ballot { n: 1, priority: 0, pid: 2 }
Mar 21 14:38:08.343 DEBG Newly elected leader: Ballot { n: 2, priority: 0, pid: 3 }
4 DEBG Received a majority of heartbeats [(Ballot { n: 0, priority: 0, pid: 3 }, false)]
Mar 21 14:37:58.195 DEBG BLE 1, New Leader elected: Ballot { n: 0, priority: 0, pid: 0 }
Mar 21 14:37:59.703 WARN Got late response, round 2, current delay 100, ballot Ballot { n: 0, priority: 0, pid: 2 }
Mar 21 14:37:59.889 DEBG Received a majority of heartbeats [(Ballot { n: 0, priority: 0, pid: 3 }, true)]
Mar 21 14:37:59.901 DEBG BLE 1, New Leader elected: Ballot { n: 0, priority: 0, pid: 3 }
Mar 21 14:38:01.576 DEBG Received a majority of heartbeats [(Ballot { n: 0, priority: 0, pid: 3 }, true)]
Mar 21 14:38:03.257 WARN Got late response, round 4, current delay 100, ballot Ballot { n: 1, priority: 0, pid: 2 }
Mar 21 14:38:03.312 DEBG Received a majority of heartbeats [(Ballot { n: 0, priority: 0, pid: 2 }, true), (Ballot { n: 0, priority: 0, pid: 3 }, true)]
Mar 21 14:38:05.032 DEBG Received a majority of heartbeats [(Ballot { n: 0, priority: 0, pid: 3 }, true)]
Mar 21 14:38:06.705 DEBG Received a majority of heartbeats [(Ballot { n: 1, priority: 0, pid: 2 }, true), (Ballot { n: 0, priority: 0, pid: 3 }, true)]
Mar 21 14:38:06.712 DEBG BLE 1, New Leader elected: Ballot { n: 1, priority: 0, pid: 2 }
Mar 21 14:38:08.135 WARN Got late response, round 7, current delay 100, ballot Ballot { n: 1, priority: 0, pid: 2 }
Mar 21 14:38:08.341 DEBG Received a majority of heartbeats [(Ballot { n: 1, priority: 0, pid: 2 }, true), (Ballot { n: 2, priority: 0, pid: 3 }, true)]
Mar 21 14:38:08.347 DEBG BLE 1, New Leader elected: Ballot { n: 2, priority: 0, pid: 3 }
Mar 21 14:38:09.970 WARN Got late response, round 8, current delay 100, ballot Ballot { n: 1, priority: 0, pid: 2 }
Mar 21 14:38:10.023 DEBG Received a majority of heartbeats [(Ballot { n: 2, priority: 0, pid: 3 }, true)]
Mar 21 14:38:11.642 DEBG Received a majority of heartbeats [(Ballot { n: 2, priority: 0, pid: 3 }, true)]
Mar 21 14:38:13.329 WARN Got late response, round 10, current delay 100, ballot Ballot { n: 1, priority: 0, pid: 2 }
Mar 21 14:38:13.361 DEBG Received a majority of heartbeats [(Ballot { n: 1, priority: 0, pid: 2 }, true), (Ballot { n: 2, priority: 0, pid: 3 }, true)]
Mar 21 14:38:14.998 WARN Got late response, round 11, current delay 100, ballot Ballot { n: 1, priority: 0, pid: 2 }
Mar 21 14:38:15.055 DEBG Received a majority of heartbeats [(Ballot { n: 2, priority: 0, pid: 3 }, true)]
Mar 21 14:38:16.682 WARN Got late response, round 12, current delay 100, ballot Ballot { n: 1, priority: 0, pid: 2 }
Mar 21 14:38:16.718 DEBG Received a majority of heartbeats [(Ballot { n: 2, priority: 0, pid: 3 }, true)]
Mar 21 14:38:18.284 WARN Got late response, round 13, current delay 100, ballot Ballot { n: 1, priority: 0, pid: 2 }
Mar 21 14:38:18.437 DEBG Received a majority of heartbeats [(Ballot { n: 2, priority: 0, pid: 3 }, true)]
Mar 21 14:38:20.157 DEBG Received a majority of heartbeats [(Ballot { n: 2, priority: 0, pid: 3 }, true)]
Mar 21 14:38:21.831 WARN Got late response, round 15, current delay 100, ballot Ballot { n: 1, priority: 0, pid: 2 }
Mar 21 14:38:21.878 DEBG Received a majority of heartbeats [(Ballot { n: 1, priority: 0, pid: 2 }, true), (Ballot { n: 2, priority: 0, pid: 3 }, true)]
Mar 21 14:38:23.519 WARN Got late response, round 16, current delay 100, ballot Ballot { n: 1, priority: 0, pid: 2 }
Mar 21 14:38:23.681 DEBG Received a majority of heartbeats [(Ballot { n: 2, priority: 0, pid: 3 }, true)]
Mar 21 14:38:25.383 DEBG Received a majority of heartbeats [(Ballot { n: 2, priority: 0, pid: 3 }, true)]
Mar 21 14:38:27.055 DEBG Received a majority of heartbeats [(Ballot { n: 1, priority: 0, pid: 2 }, true), (Ballot { n: 2, priority: 0, pid: 3 }, true)]
Mar 21 14:38:28.624 WARN Got late response, round 19, current delay 100, ballot Ballot { n: 1, priority: 0, pid: 2 }
Mar 21 14:38:28.740 DEBG Received a majority of heartbeats [(Ballot { n: 1, priority: 0, pid: 2 }, true), (Ballot { n: 2, priority: 0, pid: 3 }, true)]
Mar 21 14:38:30.440 DEBG Received a majority of heartbeats [(Ballot { n: 2, priority: 0, pid: 3 }, true)]
Mar 21 14:38:32.057 WARN Got late response, round 21, current delay 100, ballot Ballot { n: 1, priority: 0, pid: 2 }
Mar 21 14:38:32.120 DEBG Received a majority of heartbeats [(Ballot { n: 1, priority: 0, pid: 2 }, true), (Ballot { n: 2, priority: 0, pid: 3 }, true)]
Mar 21 14:38:33.705 WARN Got late response, round 22, current delay 100, ballot Ballot { n: 1, priority: 0, pid: 2 }
Mar 21 14:38:33.804 DEBG Received a majority of heartbeats [(Ballot { n: 2, priority: 0, pid: 3 }, true)]
Mar 21 14:38:35.443 WARN Got late response, round 23, current delay 100, ballot Ballot { n: 1, priority: 0, pid: 2 }
Mar 21 14:38:35.489 DEBG Received a majority of heartbeats [(Ballot { n: 2, priority: 0, pid: 3 }, true)]
Mar 21 14:38:37.175 DEBG Received a majority of heartbeats [(Ballot { n: 2, priority: 0, pid: 3 }, true)]
Mar 21 14:38:38.761 WARN Got late response, round 25, current delay 100, ballot Ballot { n: 1, priority: 0, pid: 2 }
Mar 21 14:38:38.866 DEBG Received a majority of heartbeats [(Ballot { n: 1, priority: 0, pid: 2 }, true), (Ballot { n: 2, priority: 0, pid: 3 }, true)]
Mar 21 14:38:40.545 DEBG Received a majority of heartbeats [(Ballot { n: 2, priority: 0, pid: 3 }, true)]
Mar 21 14:38:42.214 DEBG Received a majority of heartbeats [(Ballot { n: 1, priority: 0, pid: 2 }, true), (Ballot { n: 2, priority: 0, pid: 3 }, true)]
Mar 21 14:38:43.901 DEBG Received a majority of heartbeats [(Ballot { n: 1, priority: 0, pid: 2 }, true), (Ballot { n: 2, priority: 0, pid: 3 }, true)]
Mar 21 14:38:45.592 WARN Got late response, round 29, current delay 100, ballot Ballot { n: 1, priority: 0, pid: 2 }
Mar 21 14:38:45.608 DEBG Received a majority of heartbeats [(Ballot { n: 1, priority: 0, pid: 2 }, true), (Ballot { n: 2, priority: 0, pid: 3 }, true)]
Mar 21 14:38:47.308 DEBG Received a majority of heartbeats [(Ballot { n: 2, priority: 0, pid: 3 }, true)]
Mar 21 14:38:48.978 WARN Got late response, round 31, current delay 100, ballot Ballot { n: 1, priority: 0, pid: 2 }
Mar 21 14:38:49.010 DEBG Received a majority of heartbeats [(Ballot { n: 1, priority: 0, pid: 2 }, true), (Ballot { n: 2, priority: 0, pid: 3 }, true)]
Mar 21 14:38:50.697 DEBG Received a majority of heartbeats [(Ballot { n: 2, priority: 0, pid: 3 }, true)]
Mar 21 14:38:52.368 WARN Got late response, round 33, current delay 100, ballot Ballot { n: 1, priority: 0, pid: 2 }
Mar 21 14:38:52.400 DEBG Received a majority of heartbeats [(Ballot { n: 1, priority: 0, pid: 2 }, true), (Ballot { n: 2, priority: 0, pid: 3 }, true)]
Mar 21 14:38:54.117 DEBG Received a majority of heartbeats [(Ballot { n: 2, priority: 0, pid: 3 }, true)]
Mar 21 14:38:55.803 DEBG Received a majority of heartbeats [(Ballot { n: 1, priority: 0, pid: 2 }, true), (Ballot { n: 2, priority: 0, pid: 3 }, true)]
Mar 21 14:38:57.507 DEBG Received a majority of heartbeats [(Ballot { n: 1, priority: 0, pid: 2 }, true), (Ballot { n: 2, priority: 0, pid: 3 }, true)]
Mar 21 14:38:59.176 WARN Got late response, round 37, current delay 100, ballot Ballot { n: 1, priority: 0, pid: 2 }
Mar 21 14:38:59.222 DEBG Received a majority of heartbeats [(Ballot { n: 1, priority: 0, pid: 2 }, true), (Ballot { n: 2, priority: 0, pid: 3 }, true)]
Mar 21 14:39:00.907 DEBG Received a majority of heartbeats [(Ballot { n: 2, priority: 0, pid: 3 }, true)]
Mar 21 14:39:02.562 WARN Got late response, round 39, current delay 100, ballot Ballot { n: 1, priority: 0, pid: 2 }
Mar 21 14:39:02.608 DEBG Received a majority of heartbeats [(Ballot { n: 1, priority: 0, pid: 2 }, true), (Ballot { n: 2, priority: 0, pid: 3 }, true)]
Mar 21 14:39:04.210 WARN Got late response, round 40, current delay 100, ballot Ballot { n: 1, priority: 0, pid: 2 }
Mar 21 14:39:04.324 DEBG Received a majority of heartbeats [(Ballot { n: 2, priority: 0, pid: 3 }, true)]
Mar 21 14:39:05.995 WARN Got late response, round 41, current delay 100, ballot Ballot { n: 1, priority: 0, pid: 2 }
Mar 21 14:39:06.026 DEBG Received a majority of heartbeats [(Ballot { n: 2, priority: 0, pid: 3 }, true)]
Mar 21 14:39:07.725 DEBG Received a majority of heartbeats [(Ballot { n: 2, priority: 0, pid: 3 }, true)]
Mar 21 14:39:09.444 DEBG Received a majority of heartbeats [(Ballot { n: 1, priority: 0, pid: 2 }, true), (Ballot { n: 2, priority: 0, pid: 3 }, true)]
Mar 21 14:39:11.129 DEBG Received a majority of heartbeats [(Ballot { n: 1, priority: 0, pid: 2 }, true), (Ballot { n: 2, priority: 0, pid: 3 }, true)]
Mar 21 14:39:12.844 DEBG Received a majority of heartbeats [(Ballot { n: 1, priority: 0, pid: 2 }, true), (Ballot { n: 2, priority: 0, pid: 3 }, true)]
Mar 21 14:39:14.535 WARN Got late response, round 46, current delay 100, ballot Ballot { n: 1, priority: 0, pid: 2 }
Mar 21 14:39:14.541 DEBG Received a majority of heartbeats [(Ballot { n: 1, priority: 0, pid: 2 }, true), (Ballot { n: 2, priority: 0, pid: 3 }, true)]
Mar 21 14:39:16.222 DEBG Received a majority of heartbeats [(Ballot { n: 2, priority: 0, pid: 3 }, true)]
Mar 21 14:39:17.940 DEBG Received a majority of heartbeats [(Ballot { n: 1, priority: 0, pid: 2 }, true), (Ballot { n: 2, priority: 0, pid: 3 }, true)]
Mar 21 14:39:19.656 DEBG Received a majority of heartbeats [(Ballot { n: 1, priority: 0, pid: 2 }, true), (Ballot { n: 2, priority: 0, pid: 3 }, true)]
Mar 21 14:39:21.343 DEBG Received a majority of heartbeats [(Ballot { n: 1, priority: 0, pid: 2 }, true), (Ballot { n: 2, priority: 0, pid: 3 }, true)]
Mar 21 14:39:23.060 DEBG Received a majority of heartbeats [(Ballot { n: 1, priority: 0, pid: 2 }, true), (Ballot { n: 2, priority: 0, pid: 3 }, true)]
Mar 21 14:39:24.784 DEBG Received a majority of heartbeats [(Ballot { n: 1, priority: 0, pid: 2 }, true), (Ballot { n: 2, priority: 0, pid: 3 }, true)]
Mar 21 14:39:26.467 DEBG Received a majority of heartbeats [(Ballot { n: 1, priority: 0, pid: 2 }, true), (Ballot { n: 2, priority: 0, pid: 3 }, true)]
Mar 21 14:39:28.092 WARN Got late response, round 54, current delay 100, ballot Ballot { n: 1, priority: 0, pid: 2 }
Mar 21 14:39:28.192 DEBG Received a majority of heartbeats [(Ballot { n: 1, priority: 0, pid: 2 }, true), (Ballot { n: 2, priority: 0, pid: 3 }, true)]
Mar 21 14:39:29.894 DEBG Received a majority of heartbeats [(Ballot { n: 2, priority: 0, pid: 3 }, true)]
Mar 21 14:39:31.597 DEBG Received a majority of heartbeats [(Ballot { n: 1, priority: 0, pid: 2 }, true), (Ballot { n: 2, priority: 0, pid: 3 }, true)]
Mar 21 14:39:33.227 WARN Got late response, round 57, current delay 100, ballot Ballot { n: 1, priority: 0, pid: 2 }
Mar 21 14:39:33.343 DEBG Received a majority of heartbeats [(Ballot { n: 1, priority: 0, pid: 2 }, true), (Ballot { n: 2, priority: 0, pid: 3 }, true)]
Mar 21 14:39:35.076 DEBG Received a majority of heartbeats [(Ballot { n: 2, priority: 0, pid: 3 }, true)]
Mar 21 14:39:36.746 WARN Got late response, round 59, current delay 100, ballot Ballot { n: 1, priority: 0, pid: 2 }
Mar 21 14:39:36.751 DEBG Received a majority of heartbeats [(Ballot { n: 1, priority: 0, pid: 2 }, true), (Ballot { n: 2, priority: 0, pid: 3 }, true)]
Mar 21 14:39:38.465 DEBG Received a majority of heartbeats [(Ballot { n: 2, priority: 0, pid: 3 }, true)]
Mar 21 14:39:40.185 DEBG Received a majority of heartbeats [(Ballot { n: 1, priority: 0, pid: 2 }, true), (Ballot { n: 2, priority: 0, pid: 3 }, true)]
Mar 21 14:39:41.859 DEBG Received a majority of heartbeats [(Ballot { n: 1, priority: 0, pid: 2 }, true), (Ballot { n: 2, priority: 0, pid: 3 }, true)]
Mar 21 14:39:43.559 WARN Got late response, round 63, current delay 100, ballot Ballot { n: 1, priority: 0, pid: 2 }
Mar 21 14:39:43.563 DEBG Received a majority of heartbeats [(Ballot { n: 1, priority: 0, pid: 2 }, true), (Ballot { n: 2, priority: 0, pid: 3 }, true)]
Mar 21 14:39:45.287 DEBG Received a majority of heartbeats [(Ballot { n: 2, priority: 0, pid: 3 }, true)]
Mar 21 14:39:46.996 WARN Got late response, round 65, current delay 100, ballot Ballot { n: 1, priority: 0, pid: 2 }
Mar 21 14:39:47.004 DEBG Received a majority of heartbeats [(Ballot { n: 1, priority: 0, pid: 2 }, true), (Ballot { n: 2, priority: 0, pid: 3 }, true)]
Mar 21 14:39:48.752 DEBG Received a majority of heartbeats [(Ballot { n: 2, priority: 0, pid: 3 }, true)]
Mar 21 14:39:50.469 WARN Got late response, round 67, current delay 100, ballot Ballot { n: 1, priority: 0, pid: 2 }
Mar 21 14:39:50.475 DEBG Received a majority of heartbeats [(Ballot { n: 1, priority: 0, pid: 2 }, true), (Ballot { n: 2, priority: 0, pid: 3 }, true)]
Mar 21 14:39:52.140 DEBG Received a majority of heartbeats [(Ballot { n: 2, priority: 0, pid: 3 }, true)]
Mar 21 14:39:53.861 DEBG Received a majority of heartbeats [(Ballot { n: 1, priority: 0, pid: 2 }, true), (Ballot { n: 2, priority: 0, pid: 3 }, true)]
Mar 21 14:39:55.474 WARN Got late response, round 70, current delay 100, ballot Ballot { n: 1, priority: 0, pid: 2 }
Mar 21 14:39:55.542 DEBG Received a majority of heartbeats [(Ballot { n: 1, priority: 0, pid: 2 }, true), (Ballot { n: 2, priority: 0, pid: 3 }, true)]
Mar 21 14:39:57.204 DEBG Received a majority of heartbeats [(Ballot { n: 2, priority: 0, pid: 3 }, true)]
Mar 21 14:39:58.880 DEBG Received a majority of heartbeats [(Ballot { n: 1, priority: 0, pid: 2 }, true), (Ballot { n: 2, priority: 0, pid: 3 }, true)]
Mar 21 14:40:00.578 DEBG Received a majority of heartbeats [(Ballot { n: 1, priority: 0, pid: 2 }, true), (Ballot { n: 2, priority: 0, pid: 3 }, true)]
Mar 21 14:40:02.248 DEBG Received a majority of heartbeats [(Ballot { n: 1, priority: 0, pid: 2 }, true), (Ballot { n: 2, priority: 0, pid: 3 }, true)]
Mar 21 14:40:03.897 WARN Got late response, round 75, current delay 100, ballot Ballot { n: 1, priority: 0, pid: 2 }
Mar 21 14:40:03.947 DEBG Received a majority of heartbeats [(Ballot { n: 1, priority: 0, pid: 2 }, true), (Ballot { n: 2, priority: 0, pid: 3 }, true)]
Mar 21 14:40:05.649 DEBG Received a majority of heartbeats [(Ballot { n: 2, priority: 0, pid: 3 }, true)]
Mar 21 14:40:07.197 WARN Got late response, round 77, current delay 100, ballot Ballot { n: 1, priority: 0, pid: 2 }
Mar 21 14:40:07.352 DEBG Received a majority of heartbeats [(Ballot { n: 1, priority: 0, pid: 2 }, true), (Ballot { n: 2, priority: 0, pid: 3 }, true)]
Mar 21 14:40:08.952 WARN Got late response, round 78, current delay 100, ballot Ballot { n: 1, priority: 0, pid: 2 }
Mar 21 14:40:09.040 DEBG Received a majority of heartbeats [(Ballot { n: 2, priority: 0, pid: 3 }, true)]
Mar 21 14:40:10.744 DEBG Received a majority of heartbeats [(Ballot { n: 2, priority: 0, pid: 3 }, true)]
Mar 21 14:40:12.396 WARN Got late response, round 80, current delay 100, ballot Ballot { n: 1, priority: 0, pid: 2 }
Mar 21 14:40:12.481 DEBG Received a majority of heartbeats [(Ballot { n: 1, priority: 0, pid: 2 }, true), (Ballot { n: 2, priority: 0, pid: 3 }, true)]
