Mar 22 06:40:12.937 INFO Ballot Leader Election componentMar 22 06:40:16.350 DEBG Newly elected leader: Ballot { n: 0, priority: 0, pid: 0 }
Mar 22 06:40:18.089 DEBG Newly elected leader: Ballot { n: 0, priority: 0, pid: 2 }
Mar 22 06:40:18.764 DEBG Handling promise from 3 in Prepare phase
Mar 22 06:40:19.551 DEBG Self role Leader, phase Accept. Incoming message Promise Accept from 1
Mar 22 06:40:26.705 DEBG Newly elected leader: Ballot { n: 1, priority: 0, pid: 2 }
Mar 22 06:40:28.470 DEBG Handling promise from 1 in Prepare phase
Mar 22 06:40:37.904 DEBG Newly elected leader: Ballot { n: 2, priority: 0, pid: 2 }
2, current delay 100, ballot Ballot { n: 0, priority: 0, pid: 1 }
Mar 22 06:40:18.083 DEBG Received a majority of heartbeats [(Ballot { n: 0, priority: 0, pid: 3 }, false)]
Mar 22 06:40:18.093 DEBG BLE 2, New Leader elected: Ballot { n: 0, priority: 0, pid: 2 }
Mar 22 06:40:19.800 DEBG Received a majority of heartbeats [(Ballot { n: 0, priority: 0, pid: 3 }, false)]
Mar 22 06:40:21.455 WARN Got late response, round 4, current delay 100, ballot Ballot { n: 0, priority: 0, pid: 1 }
Mar 22 06:40:21.489 DEBG Received a majority of heartbeats [(Ballot { n: 0, priority: 0, pid: 3 }, false), (Ballot { n: 0, priority: 0, pid: 1 }, true)]
Mar 22 06:40:23.220 WARN Did not receive a majority of heartbeats []
Mar 22 06:40:23.291 WARN Got late response, round 6, current delay 100, ballot Ballot { n: 0, priority: 0, pid: 3 }
Mar 22 06:40:24.963 DEBG Received a majority of heartbeats [(Ballot { n: 0, priority: 0, pid: 1 }, false)]
Mar 22 06:40:26.701 DEBG Received a majority of heartbeats [(Ballot { n: 1, priority: 0, pid: 1 }, true)]
Mar 22 06:40:26.709 DEBG BLE 2, New Leader elected: Ballot { n: 1, priority: 0, pid: 2 }
Mar 22 06:40:28.453 WARN Did not receive a majority of heartbeats []
Mar 22 06:40:30.193 DEBG Received a majority of heartbeats [(Ballot { n: 1, priority: 0, pid: 1 }, false)]
Mar 22 06:40:31.169 WARN Got late response, round 10, current delay 100, ballot Ballot { n: 1, priority: 0, pid: 1 }
Mar 22 06:40:31.694 WARN Got late response, round 10, current delay 100, ballot Ballot { n: 1, priority: 0, pid: 1 }
Mar 22 06:40:37.895 DEBG Received a majority of heartbeats [(Ballot { n: 1, priority: 0, pid: 1 }, false)]
Mar 22 06:40:37.913 DEBG BLE 2, New Leader elected: Ballot { n: 2, priority: 0, pid: 2 }
Mar 22 06:40:37.922 WARN Did not receive a majority of heartbeats []
Mar 22 06:40:37.933 WARN Did not receive a majority of heartbeats []
Mar 22 06:40:37.939 WARN Did not receive a majority of heartbeats []
Mar 22 06:40:39.013 WARN Did not receive a majority of heartbeats []
Mar 22 06:40:40.679 WARN Did not receive a majority of heartbeats []
Mar 22 06:40:42.280 WARN Did not receive a majority of heartbeats []
