INFO - Start 3 !
INFO - [BLE_MESSAGE] Reply
INFO - [BLE_MESSAGE] Reply
INFO - [BLE_MESSAGE] Reply
INFO - [BLE_MESSAGE] Reply
INFO - [BLE_SEND] FROM 1 TO 3, BLE REQUEST: 1
INFO - [BLE_SEND] FROM 2 TO 3, BLE REQUEST: 1
INFO - [BLE_MESSAGE] Request: from: 1 to: 3 round:1
INFO - [BLE_SEND] FROM 3 TO 1, BLE REPLY: Ballot: n: 0 priority: 0 pid: 3
INFO - [BLE_MESSAGE] Request: from: 2 to: 3 round:1
INFO - [BLE_SEND] FROM 3 TO 2, BLE REPLY: Ballot: n: 0 priority: 0 pid: 3
INFO - [BLE_MESSAGE] Reply
INFO - [BLE_MESSAGE] Reply
INFO - TICK 0
INFO - [BLE_MESSAGE] Reply
INFO - Start 3 !
INFO - [BLE_SEND] FROM 1 TO 3, BLE REQUEST: 1
INFO - [BLE_SEND] FROM 2 TO 3, BLE REQUEST: 1
INFO - [BLE_MESSAGE] Request: from: 1 to: 3 round:1
INFO - [BLE_SEND] FROM 3 TO 1, BLE REPLY: Ballot: n: 0 priority: 0 pid: 3
INFO - [BLE_MESSAGE] Request: from: 2 to: 3 round:1
INFO - [BLE_SEND] FROM 3 TO 2, BLE REPLY: Ballot: n: 0 priority: 0 pid: 3
INFO - [BLE_MESSAGE] Reply
INFO - TICK 0
INFO - [BLE_MESSAGE] Reply
INFO - Start 3 !
INFO - [BLE_MESSAGE] Reply
INFO - [BLE_MESSAGE] Reply
INFO - [BLE_MESSAGE] Reply
INFO - [BLE_MESSAGE] Reply
INFO - [BLE_MESSAGE] Reply
INFO - [BLE_MESSAGE] Reply
INFO - [BLE_MESSAGE] Reply
INFO - [BLE_MESSAGE] Reply
INFO - [BLE_SEND] FROM 1 TO 3, BLE REQUEST: 1
INFO - [BLE_SEND] FROM 2 TO 3, BLE REQUEST: 1
INFO - [BLE_MESSAGE] Request: from: 1 to: 3 round:1
INFO - [BLE_SEND] FROM 3 TO 1, BLE REPLY: Ballot: n: 0 priority: 0 pid: 3
INFO - [BLE_MESSAGE] Request: from: 2 to: 3 round:1
INFO - [BLE_SEND] FROM 3 TO 2, BLE REPLY: Ballot: n: 0 priority: 0 pid: 3
INFO - [BLE_MESSAGE] Reply
INFO - [BLE_SEND] FROM 1 TO 3, BLE REQUEST: 2
INFO - [BLE_SEND] FROM 2 TO 3, BLE REQUEST: 2
INFO - [BLE_MESSAGE] Request: from: 1 to: 3 round:2
INFO - [BLE_SEND] FROM 3 TO 1, BLE REPLY: Ballot: n: 0 priority: 0 pid: 3
INFO - [BLE_MESSAGE] Request: from: 2 to: 3 round:2
INFO - [BLE_SEND] FROM 3 TO 2, BLE REPLY: Ballot: n: 0 priority: 0 pid: 3
INFO - [BLE_MESSAGE] Reply
INFO - [BLE_SEND] FROM 1 TO 3, BLE REQUEST: 3
INFO - [BLE_SEND] FROM 2 TO 3, BLE REQUEST: 3
INFO - [BLE_MESSAGE] Request: from: 1 to: 3 round:3
INFO - [BLE_SEND] FROM 3 TO 1, BLE REPLY: Ballot: n: 0 priority: 0 pid: 3
INFO - [BLE_MESSAGE] Request: from: 2 to: 3 round:3
INFO - [BLE_SEND] FROM 3 TO 2, BLE REPLY: Ballot: n: 0 priority: 0 pid: 3
INFO - [BLE_MESSAGE] Reply
INFO - [BLE_SEND] FROM 1 TO 3, BLE REQUEST: 4
INFO - [BLE_SEND] FROM 2 TO 3, BLE REQUEST: 4
INFO - [BLE_MESSAGE] Request: from: 1 to: 3 round:4
INFO - [BLE_SEND] FROM 3 TO 1, BLE REPLY: Ballot: n: 0 priority: 0 pid: 3
INFO - [BLE_MESSAGE] Request: from: 2 to: 3 round:4
INFO - [BLE_SEND] FROM 3 TO 2, BLE REPLY: Ballot: n: 0 priority: 0 pid: 3
INFO - [BLE_MESSAGE] Reply
INFO - [BLE_SEND] FROM 1 TO 3, BLE REQUEST: 5
INFO - [BLE_SEND] FROM 2 TO 3, BLE REQUEST: 5
INFO - [BLE_MESSAGE] Request: from: 1 to: 3 round:5
INFO - [BLE_SEND] FROM 3 TO 1, BLE REPLY: Ballot: n: 0 priority: 0 pid: 3
INFO - [BLE_MESSAGE] Request: from: 2 to: 3 round:5
INFO - [BLE_SEND] FROM 3 TO 2, BLE REPLY: Ballot: n: 0 priority: 0 pid: 3
INFO - [BLE_MESSAGE] Reply
INFO - [BLE_SEND] FROM 1 TO 3, BLE REQUEST: 6
INFO - [BLE_SEND] FROM 2 TO 3, BLE REQUEST: 6
INFO - [BLE_MESSAGE] Request: from: 1 to: 3 round:6
INFO - [BLE_SEND] FROM 3 TO 1, BLE REPLY: Ballot: n: 0 priority: 0 pid: 3
INFO - [BLE_MESSAGE] Request: from: 2 to: 3 round:6
INFO - [BLE_SEND] FROM 3 TO 2, BLE REPLY: Ballot: n: 0 priority: 0 pid: 3
INFO - [BLE_MESSAGE] Reply
INFO - [BLE_SEND] FROM 1 TO 3, BLE REQUEST: 7
INFO - [BLE_SEND] FROM 2 TO 3, BLE REQUEST: 7
INFO - [BLE_MESSAGE] Request: from: 1 to: 3 round:7
INFO - [BLE_SEND] FROM 3 TO 1, BLE REPLY: Ballot: n: 0 priority: 0 pid: 3
INFO - [BLE_MESSAGE] Request: from: 2 to: 3 round:7
INFO - [BLE_SEND] FROM 3 TO 2, BLE REPLY: Ballot: n: 0 priority: 0 pid: 3
INFO - [BLE_MESSAGE] Reply
INFO - [BLE_SEND] FROM 1 TO 3, BLE REQUEST: 8
INFO - [BLE_SEND] FROM 2 TO 3, BLE REQUEST: 8
INFO - [BLE_MESSAGE] Request: from: 1 to: 3 round:8
INFO - [BLE_SEND] FROM 3 TO 1, BLE REPLY: Ballot: n: 0 priority: 0 pid: 3
INFO - [BLE_MESSAGE] Request: from: 2 to: 3 round:8
INFO - [BLE_SEND] FROM 3 TO 2, BLE REPLY: Ballot: n: 0 priority: 0 pid: 3
INFO - [BLE_MESSAGE] Reply
INFO - [BLE_SEND] FROM 1 TO 3, BLE REQUEST: 9
INFO - [BLE_SEND] FROM 2 TO 3, BLE REQUEST: 9
INFO - [BLE_MESSAGE] Request: from: 1 to: 3 round:9
INFO - [BLE_SEND] FROM 3 TO 1, BLE REPLY: Ballot: n: 0 priority: 0 pid: 3
INFO - [BLE_MESSAGE] Request: from: 2 to: 3 round:9
INFO - [BLE_SEND] FROM 3 TO 2, BLE REPLY: Ballot: n: 0 priority: 0 pid: 3
INFO - [BLE_MESSAGE] Reply
INFO - [BLE_SEND] FROM 1 TO 3, BLE REQUEST: 10
INFO - [BLE_SEND] FROM 2 TO 3, BLE REQUEST: 10
INFO - [BLE_MESSAGE] Request: from: 1 to: 3 round:10
INFO - [BLE_SEND] FROM 3 TO 1, BLE REPLY: Ballot: n: 0 priority: 0 pid: 3
INFO - [BLE_MESSAGE] Request: from: 2 to: 3 round:10
INFO - [BLE_SEND] FROM 3 TO 2, BLE REPLY: Ballot: n: 0 priority: 0 pid: 3
INFO - [BLE_MESSAGE] Reply
INFO - [BLE_SEND] FROM 1 TO 3, BLE REQUEST: 11
INFO - [BLE_SEND] FROM 2 TO 3, BLE REQUEST: 11
INFO - [BLE_MESSAGE] Request: from: 1 to: 3 round:11
INFO - [BLE_SEND] FROM 3 TO 1, BLE REPLY: Ballot: n: 0 priority: 0 pid: 3
INFO - [BLE_MESSAGE] Request: from: 2 to: 3 round:11
INFO - [BLE_SEND] FROM 3 TO 2, BLE REPLY: Ballot: n: 0 priority: 0 pid: 3
INFO - [BLE_MESSAGE] Reply
INFO - [BLE_SEND] FROM 1 TO 3, BLE REQUEST: 12
INFO - [BLE_SEND] FROM 2 TO 3, BLE REQUEST: 12
INFO - [BLE_MESSAGE] Request: from: 1 to: 3 round:12
INFO - [BLE_SEND] FROM 3 TO 1, BLE REPLY: Ballot: n: 0 priority: 0 pid: 3
INFO - [BLE_MESSAGE] Request: from: 2 to: 3 round:12
INFO - [BLE_SEND] FROM 3 TO 2, BLE REPLY: Ballot: n: 0 priority: 0 pid: 3
INFO - [BLE_MESSAGE] Reply
INFO - [BLE_SEND] FROM 1 TO 3, BLE REQUEST: 13
INFO - [BLE_SEND] FROM 2 TO 3, BLE REQUEST: 13
INFO - [BLE_MESSAGE] Request: from: 1 to: 3 round:13
INFO - [BLE_SEND] FROM 3 TO 1, BLE REPLY: Ballot: n: 0 priority: 0 pid: 3
INFO - [BLE_MESSAGE] Request: from: 2 to: 3 round:13
INFO - [BLE_SEND] FROM 3 TO 2, BLE REPLY: Ballot: n: 0 priority: 0 pid: 3
INFO - [BLE_MESSAGE] Reply
INFO - [BLE_SEND] FROM 1 TO 3, BLE REQUEST: 14
INFO - [BLE_SEND] FROM 2 TO 3, BLE REQUEST: 14
INFO - [BLE_MESSAGE] Request: from: 1 to: 3 round:14
INFO - [BLE_SEND] FROM 3 TO 1, BLE REPLY: Ballot: n: 0 priority: 0 pid: 3
INFO - [BLE_MESSAGE] Request: from: 2 to: 3 round:14
INFO - [BLE_SEND] FROM 3 TO 2, BLE REPLY: Ballot: n: 0 priority: 0 pid: 3
INFO - [BLE_MESSAGE] Reply
INFO - [BLE_SEND] FROM 1 TO 3, BLE REQUEST: 15
INFO - [BLE_SEND] FROM 2 TO 3, BLE REQUEST: 15
INFO - [BLE_MESSAGE] Request: from: 1 to: 3 round:15
INFO - [BLE_SEND] FROM 3 TO 1, BLE REPLY: Ballot: n: 0 priority: 0 pid: 3
INFO - [BLE_MESSAGE] Request: from: 2 to: 3 round:15
INFO - [BLE_SEND] FROM 3 TO 2, BLE REPLY: Ballot: n: 0 priority: 0 pid: 3
INFO - [BLE_MESSAGE] Reply
INFO - [BLE_SEND] FROM 1 TO 3, BLE REQUEST: 16
INFO - [BLE_SEND] FROM 2 TO 3, BLE REQUEST: 16
INFO - [BLE_MESSAGE] Request: from: 1 to: 3 round:16
INFO - [BLE_SEND] FROM 3 TO 1, BLE REPLY: Ballot: n: 0 priority: 0 pid: 3
INFO - [BLE_MESSAGE] Request: from: 2 to: 3 round:16
INFO - [BLE_SEND] FROM 3 TO 2, BLE REPLY: Ballot: n: 0 priority: 0 pid: 3
INFO - [BLE_MESSAGE] Reply
INFO - [BLE_SEND] FROM 1 TO 3, BLE REQUEST: 17
INFO - [BLE_SEND] FROM 2 TO 3, BLE REQUEST: 17
INFO - [BLE_MESSAGE] Request: from: 1 to: 3 round:17
INFO - [BLE_SEND] FROM 3 TO 1, BLE REPLY: Ballot: n: 0 priority: 0 pid: 3
INFO - [BLE_MESSAGE] Request: from: 2 to: 3 round:17
INFO - [BLE_SEND] FROM 3 TO 2, BLE REPLY: Ballot: n: 0 priority: 0 pid: 3
INFO - [BLE_MESSAGE] Reply
