INFO - Start 1 !
INFO - [BLE_SEND] FROM 2 TO 1, BLE REQUEST: 1
INFO - [BLE_SEND] FROM 3 TO 1, BLE REQUEST: 1
INFO - [BLE_MESSAGE] Request: from: 2 to: 1 round:1
INFO - [BLE_SEND] FROM 1 TO 2, BLE REPLY: Ballot: n: 0 priority: 0 pid: 1
INFO - [BLE_MESSAGE] Request: from: 3 to: 1 round:1
INFO - [BLE_SEND] FROM 1 TO 3, BLE REPLY: Ballot: n: 0 priority: 0 pid: 1
INFO - [BLE_SEND] FROM 2 TO 1, BLE REQUEST: 2
INFO - [BLE_SEND] FROM 3 TO 1, BLE REQUEST: 2
INFO - [BLE_SEND] FROM 2 TO 1, BLE REQUEST: 3
INFO - [BLE_SEND] FROM 3 TO 1, BLE REQUEST: 3
INFO - [BLE_SEND] FROM 2 TO 1, BLE REQUEST: 4
INFO - [BLE_SEND] FROM 3 TO 1, BLE REQUEST: 4
INFO - [BLE_MESSAGE] Request: from: 2 to: 1 round:2
INFO - [BLE_MESSAGE] Request: from: 3 to: 1 round:2
INFO - [BLE_MESSAGE] Request: from: 3 to: 1 round:3
INFO - [BLE_MESSAGE] Request: from: 2 to: 1 round:3
INFO - [BLE_MESSAGE] Request: from: 2 to: 1 round:4
INFO - [BLE_SEND] FROM 1 TO 2, BLE REPLY: Ballot: n: 0 priority: 0 pid: 1
INFO - [BLE_SEND] FROM 1 TO 3, BLE REPLY: Ballot: n: 0 priority: 0 pid: 1
INFO - [BLE_SEND] FROM 1 TO 3, BLE REPLY: Ballot: n: 0 priority: 0 pid: 1
INFO - [BLE_SEND] FROM 1 TO 2, BLE REPLY: Ballot: n: 0 priority: 0 pid: 1
INFO - [BLE_SEND] FROM 1 TO 2, BLE REPLY: Ballot: n: 0 priority: 0 pid: 1
INFO - [BLE_MESSAGE] Request: from: 3 to: 1 round:4
INFO - [BLE_SEND] FROM 1 TO 3, BLE REPLY: Ballot: n: 0 priority: 0 pid: 1
INFO - [BLE_SEND] FROM 2 TO 1, BLE REQUEST: 5
INFO - [BLE_SEND] FROM 3 TO 1, BLE REQUEST: 5
INFO - [BLE_MESSAGE] Request: from: 2 to: 1 round:5
INFO - [BLE_SEND] FROM 1 TO 2, BLE REPLY: Ballot: n: 0 priority: 0 pid: 1
INFO - [BLE_MESSAGE] Request: from: 3 to: 1 round:5
INFO - [BLE_SEND] FROM 1 TO 3, BLE REPLY: Ballot: n: 0 priority: 0 pid: 1
INFO - [BLE_MESSAGE] Reply
INFO - [BLE_MESSAGE] Reply
INFO - [BLE_SEND] FROM 2 TO 1, BLE REQUEST: 6
INFO - [BLE_SEND] FROM 3 TO 1, BLE REQUEST: 6
INFO - [BLE_MESSAGE] Request: from: 2 to: 1 round:6
INFO - [BLE_SEND] FROM 1 TO 2, BLE REPLY: Ballot: n: 0 priority: 0 pid: 1
INFO - [BLE_MESSAGE] Request: from: 3 to: 1 round:6
INFO - [BLE_SEND] FROM 1 TO 3, BLE REPLY: Ballot: n: 0 priority: 0 pid: 1
INFO - [BLE_MESSAGE] Reply
INFO - [BLE_SEND] FROM 2 TO 1, BLE REQUEST: 7
INFO - [BLE_SEND] FROM 3 TO 1, BLE REQUEST: 7
INFO - [BLE_MESSAGE] Request: from: 2 to: 1 round:7
INFO - [BLE_SEND] FROM 1 TO 2, BLE REPLY: Ballot: n: 0 priority: 0 pid: 1
INFO - [BLE_MESSAGE] Request: from: 3 to: 1 round:7
INFO - [BLE_SEND] FROM 1 TO 3, BLE REPLY: Ballot: n: 0 priority: 0 pid: 1
INFO - [BLE_MESSAGE] Reply
INFO - [BLE_SEND] FROM 2 TO 1, BLE REQUEST: 8
INFO - [BLE_SEND] FROM 3 TO 1, BLE REQUEST: 8
INFO - [BLE_MESSAGE] Request: from: 2 to: 1 round:8
INFO - [BLE_SEND] FROM 1 TO 2, BLE REPLY: Ballot: n: 0 priority: 0 pid: 1
INFO - [BLE_MESSAGE] Request: from: 3 to: 1 round:8
INFO - [BLE_SEND] FROM 1 TO 3, BLE REPLY: Ballot: n: 0 priority: 0 pid: 1
INFO - [BLE_MESSAGE] Reply
INFO - [BLE_SEND] FROM 2 TO 1, BLE REQUEST: 9
INFO - [BLE_SEND] FROM 3 TO 1, BLE REQUEST: 9
INFO - [BLE_MESSAGE] Request: from: 2 to: 1 round:9
INFO - [BLE_SEND] FROM 1 TO 2, BLE REPLY: Ballot: n: 0 priority: 0 pid: 1
INFO - [BLE_MESSAGE] Request: from: 3 to: 1 round:9
INFO - [BLE_SEND] FROM 1 TO 3, BLE REPLY: Ballot: n: 0 priority: 0 pid: 1
INFO - [BLE_MESSAGE] Reply
INFO - [BLE_SEND] FROM 2 TO 1, BLE REQUEST: 10
INFO - [BLE_SEND] FROM 3 TO 1, BLE REQUEST: 10
INFO - [BLE_MESSAGE] Request: from: 2 to: 1 round:10
INFO - [BLE_SEND] FROM 1 TO 2, BLE REPLY: Ballot: n: 0 priority: 0 pid: 1
INFO - [BLE_MESSAGE] Request: from: 3 to: 1 round:10
INFO - [BLE_SEND] FROM 1 TO 3, BLE REPLY: Ballot: n: 0 priority: 0 pid: 1
INFO - [BLE_MESSAGE] Reply
INFO - [BLE_SEND] FROM 2 TO 1, BLE REQUEST: 11
INFO - [BLE_SEND] FROM 3 TO 1, BLE REQUEST: 11
INFO - [BLE_MESSAGE] Request: from: 2 to: 1 round:11
INFO - [BLE_SEND] FROM 1 TO 2, BLE REPLY: Ballot: n: 0 priority: 0 pid: 1
INFO - [BLE_MESSAGE] Request: from: 3 to: 1 round:11
INFO - [BLE_SEND] FROM 1 TO 3, BLE REPLY: Ballot: n: 0 priority: 0 pid: 1
INFO - [BLE_MESSAGE] Reply
INFO - [BLE_SEND] FROM 2 TO 1, BLE REQUEST: 12
INFO - [BLE_SEND] FROM 3 TO 1, BLE REQUEST: 12
INFO - [BLE_MESSAGE] Request: from: 2 to: 1 round:12
INFO - [BLE_SEND] FROM 1 TO 2, BLE REPLY: Ballot: n: 0 priority: 0 pid: 1
INFO - [BLE_MESSAGE] Request: from: 3 to: 1 round:12
INFO - [BLE_SEND] FROM 1 TO 3, BLE REPLY: Ballot: n: 0 priority: 0 pid: 1
INFO - [BLE_MESSAGE] Reply
INFO - [BLE_SEND] FROM 2 TO 1, BLE REQUEST: 13
INFO - [BLE_SEND] FROM 3 TO 1, BLE REQUEST: 13
INFO - [BLE_MESSAGE] Request: from: 2 to: 1 round:13
INFO - [BLE_SEND] FROM 1 TO 2, BLE REPLY: Ballot: n: 0 priority: 0 pid: 1
INFO - [BLE_MESSAGE] Request: from: 3 to: 1 round:13
INFO - [BLE_SEND] FROM 1 TO 3, BLE REPLY: Ballot: n: 0 priority: 0 pid: 1
INFO - [BLE_MESSAGE] Reply
INFO - [BLE_SEND] FROM 2 TO 1, BLE REQUEST: 14
INFO - [BLE_SEND] FROM 3 TO 1, BLE REQUEST: 14
INFO - [BLE_MESSAGE] Request: from: 2 to: 1 round:14
INFO - [BLE_SEND] FROM 1 TO 2, BLE REPLY: Ballot: n: 0 priority: 0 pid: 1
INFO - [BLE_MESSAGE] Request: from: 3 to: 1 round:14
INFO - [BLE_SEND] FROM 1 TO 3, BLE REPLY: Ballot: n: 0 priority: 0 pid: 1
INFO - [BLE_MESSAGE] Reply
INFO - [BLE_SEND] FROM 2 TO 1, BLE REQUEST: 15
INFO - [BLE_SEND] FROM 3 TO 1, BLE REQUEST: 15
INFO - [BLE_MESSAGE] Request: from: 2 to: 1 round:15
INFO - [BLE_SEND] FROM 1 TO 2, BLE REPLY: Ballot: n: 0 priority: 0 pid: 1
INFO - [BLE_MESSAGE] Request: from: 3 to: 1 round:15
INFO - [BLE_SEND] FROM 1 TO 3, BLE REPLY: Ballot: n: 0 priority: 0 pid: 1
INFO - [BLE_MESSAGE] Reply
INFO - [BLE_SEND] FROM 2 TO 1, BLE REQUEST: 16
INFO - [BLE_SEND] FROM 3 TO 1, BLE REQUEST: 16
INFO - [BLE_MESSAGE] Request: from: 2 to: 1 round:16
INFO - [BLE_SEND] FROM 1 TO 2, BLE REPLY: Ballot: n: 0 priority: 0 pid: 1
INFO - [BLE_MESSAGE] Request: from: 3 to: 1 round:16
INFO - [BLE_SEND] FROM 1 TO 3, BLE REPLY: Ballot: n: 0 priority: 0 pid: 1
INFO - [BLE_MESSAGE] Reply
INFO - [BLE_SEND] FROM 2 TO 1, BLE REQUEST: 17
INFO - [BLE_SEND] FROM 3 TO 1, BLE REQUEST: 17
INFO - [BLE_MESSAGE] Request: from: 2 to: 1 round:17
INFO - [BLE_SEND] FROM 1 TO 2, BLE REPLY: Ballot: n: 0 priority: 0 pid: 1
INFO - [BLE_MESSAGE] Request: from: 3 to: 1 round:17
INFO - [BLE_SEND] FROM 1 TO 3, BLE REPLY: Ballot: n: 0 priority: 0 pid: 1
INFO - [BLE_MESSAGE] Reply
INFO - [BLE_SEND] FROM 2 TO 1, BLE REQUEST: 18
INFO - [BLE_SEND] FROM 3 TO 1, BLE REQUEST: 18
INFO - [BLE_MESSAGE] Request: from: 2 to: 1 round:18
INFO - [BLE_SEND] FROM 1 TO 2, BLE REPLY: Ballot: n: 0 priority: 0 pid: 1
INFO - [BLE_MESSAGE] Request: from: 3 to: 1 round:18
INFO - [BLE_SEND] FROM 1 TO 3, BLE REPLY: Ballot: n: 0 priority: 0 pid: 1
INFO - [BLE_MESSAGE] Reply
INFO - [BLE_SEND] FROM 2 TO 1, BLE REQUEST: 19
INFO - [BLE_SEND] FROM 3 TO 1, BLE REQUEST: 19
INFO - [BLE_MESSAGE] Request: from: 2 to: 1 round:19
INFO - [BLE_SEND] FROM 1 TO 2, BLE REPLY: Ballot: n: 0 priority: 0 pid: 1
INFO - [BLE_MESSAGE] Request: from: 3 to: 1 round:19
INFO - [BLE_SEND] FROM 1 TO 3, BLE REPLY: Ballot: n: 0 priority: 0 pid: 1
INFO - [BLE_MESSAGE] Reply
INFO - [BLE_SEND] FROM 2 TO 1, BLE REQUEST: 20
INFO - [BLE_SEND] FROM 3 TO 1, BLE REQUEST: 20
INFO - [BLE_MESSAGE] Request: from: 2 to: 1 round:20
INFO - [BLE_SEND] FROM 1 TO 2, BLE REPLY: Ballot: n: 0 priority: 0 pid: 1
INFO - [BLE_MESSAGE] Request: from: 3 to: 1 round:20
INFO - [BLE_SEND] FROM 1 TO 3, BLE REPLY: Ballot: n: 0 priority: 0 pid: 1
INFO - [BLE_MESSAGE] Reply
INFO - [BLE_SEND] FROM 2 TO 1, BLE REQUEST: 21
INFO - [BLE_SEND] FROM 3 TO 1, BLE REQUEST: 21
INFO - [BLE_MESSAGE] Request: from: 2 to: 1 round:21
INFO - [BLE_SEND] FROM 1 TO 2, BLE REPLY: Ballot: n: 0 priority: 0 pid: 1
INFO - [BLE_MESSAGE] Request: from: 3 to: 1 round:21
INFO - [BLE_SEND] FROM 1 TO 3, BLE REPLY: Ballot: n: 0 priority: 0 pid: 1
INFO - [BLE_MESSAGE] Reply
INFO - [BLE_SEND] FROM 2 TO 1, BLE REQUEST: 22
INFO - [BLE_SEND] FROM 3 TO 1, BLE REQUEST: 22
INFO - [BLE_MESSAGE] Request: from: 2 to: 1 round:22
INFO - [BLE_SEND] FROM 1 TO 2, BLE REPLY: Ballot: n: 0 priority: 0 pid: 1
INFO - [BLE_MESSAGE] Request: from: 3 to: 1 round:22
INFO - [BLE_SEND] FROM 1 TO 3, BLE REPLY: Ballot: n: 0 priority: 0 pid: 1
INFO - [BLE_MESSAGE] Reply
INFO - [BLE_SEND] FROM 2 TO 1, BLE REQUEST: 23
INFO - [BLE_SEND] FROM 3 TO 1, BLE REQUEST: 23
INFO - [BLE_MESSAGE] Request: from: 2 to: 1 round:23
INFO - [BLE_SEND] FROM 1 TO 2, BLE REPLY: Ballot: n: 0 priority: 0 pid: 1
INFO - [BLE_MESSAGE] Request: from: 3 to: 1 round:23
INFO - [BLE_SEND] FROM 1 TO 3, BLE REPLY: Ballot: n: 0 priority: 0 pid: 1
INFO - [BLE_MESSAGE] Reply
INFO - [BLE_SEND] FROM 2 TO 1, BLE REQUEST: 24
INFO - [BLE_SEND] FROM 3 TO 1, BLE REQUEST: 24
INFO - [BLE_MESSAGE] Request: from: 2 to: 1 round:24
INFO - [BLE_SEND] FROM 1 TO 2, BLE REPLY: Ballot: n: 0 priority: 0 pid: 1
INFO - [BLE_MESSAGE] Request: from: 3 to: 1 round:24
INFO - [BLE_SEND] FROM 1 TO 3, BLE REPLY: Ballot: n: 0 priority: 0 pid: 1
INFO - [BLE_MESSAGE] Reply
INFO - [BLE_SEND] FROM 2 TO 1, BLE REQUEST: 25
INFO - [BLE_SEND] FROM 3 TO 1, BLE REQUEST: 25
INFO - [BLE_MESSAGE] Request: from: 2 to: 1 round:25
INFO - [BLE_SEND] FROM 1 TO 2, BLE REPLY: Ballot: n: 0 priority: 0 pid: 1
INFO - [BLE_MESSAGE] Request: from: 3 to: 1 round:25
INFO - [BLE_SEND] FROM 1 TO 3, BLE REPLY: Ballot: n: 0 priority: 0 pid: 1
INFO - [BLE_MESSAGE] Reply
INFO - [BLE_SEND] FROM 2 TO 1, BLE REQUEST: 26
INFO - [BLE_SEND] FROM 3 TO 1, BLE REQUEST: 26
INFO - [BLE_MESSAGE] Request: from: 2 to: 1 round:26
INFO - [BLE_SEND] FROM 1 TO 2, BLE REPLY: Ballot: n: 0 priority: 0 pid: 1
INFO - [BLE_MESSAGE] Request: from: 3 to: 1 round:26
INFO - [BLE_SEND] FROM 1 TO 3, BLE REPLY: Ballot: n: 0 priority: 0 pid: 1
INFO - [BLE_MESSAGE] Reply
INFO - [BLE_SEND] FROM 2 TO 1, BLE REQUEST: 27
INFO - [BLE_SEND] FROM 3 TO 1, BLE REQUEST: 27
INFO - [BLE_MESSAGE] Request: from: 2 to: 1 round:27
INFO - [BLE_SEND] FROM 1 TO 2, BLE REPLY: Ballot: n: 0 priority: 0 pid: 1
INFO - [BLE_MESSAGE] Request: from: 3 to: 1 round:27
INFO - [BLE_SEND] FROM 1 TO 3, BLE REPLY: Ballot: n: 0 priority: 0 pid: 1
INFO - [BLE_MESSAGE] Reply
INFO - [BLE_SEND] FROM 2 TO 1, BLE REQUEST: 28
INFO - [BLE_SEND] FROM 3 TO 1, BLE REQUEST: 28
INFO - [BLE_MESSAGE] Request: from: 2 to: 1 round:28
INFO - [BLE_SEND] FROM 1 TO 2, BLE REPLY: Ballot: n: 0 priority: 0 pid: 1
INFO - [BLE_MESSAGE] Request: from: 3 to: 1 round:28
INFO - [BLE_SEND] FROM 1 TO 3, BLE REPLY: Ballot: n: 0 priority: 0 pid: 1
INFO - [BLE_MESSAGE] Reply
INFO - [BLE_SEND] FROM 2 TO 1, BLE REQUEST: 29
INFO - [BLE_SEND] FROM 3 TO 1, BLE REQUEST: 29
INFO - [BLE_MESSAGE] Request: from: 2 to: 1 round:29
INFO - [BLE_SEND] FROM 1 TO 2, BLE REPLY: Ballot: n: 0 priority: 0 pid: 1
INFO - [BLE_MESSAGE] Request: from: 3 to: 1 round:29
INFO - [BLE_SEND] FROM 1 TO 3, BLE REPLY: Ballot: n: 0 priority: 0 pid: 1
INFO - [BLE_MESSAGE] Reply
INFO - [BLE_SEND] FROM 2 TO 1, BLE REQUEST: 30
INFO - [BLE_SEND] FROM 3 TO 1, BLE REQUEST: 30
INFO - [BLE_MESSAGE] Request: from: 2 to: 1 round:30
INFO - [BLE_SEND] FROM 1 TO 2, BLE REPLY: Ballot: n: 0 priority: 0 pid: 1
INFO - [BLE_MESSAGE] Request: from: 3 to: 1 round:30
INFO - [BLE_SEND] FROM 1 TO 3, BLE REPLY: Ballot: n: 0 priority: 0 pid: 1
INFO - [BLE_MESSAGE] Reply
INFO - [BLE_SEND] FROM 2 TO 1, BLE REQUEST: 31
INFO - [BLE_SEND] FROM 3 TO 1, BLE REQUEST: 31
INFO - [BLE_MESSAGE] Request: from: 2 to: 1 round:31
INFO - [BLE_SEND] FROM 1 TO 2, BLE REPLY: Ballot: n: 0 priority: 0 pid: 1
INFO - [BLE_MESSAGE] Request: from: 3 to: 1 round:31
INFO - [BLE_SEND] FROM 1 TO 3, BLE REPLY: Ballot: n: 0 priority: 0 pid: 1
INFO - [BLE_MESSAGE] Reply
INFO - [BLE_SEND] FROM 2 TO 1, BLE REQUEST: 32
INFO - [BLE_SEND] FROM 3 TO 1, BLE REQUEST: 32
INFO - [BLE_MESSAGE] Request: from: 2 to: 1 round:32
INFO - [BLE_SEND] FROM 1 TO 2, BLE REPLY: Ballot: n: 0 priority: 0 pid: 1
INFO - [BLE_MESSAGE] Request: from: 3 to: 1 round:32
INFO - [BLE_SEND] FROM 1 TO 3, BLE REPLY: Ballot: n: 0 priority: 0 pid: 1
INFO - [BLE_MESSAGE] Reply
INFO - [BLE_SEND] FROM 2 TO 1, BLE REQUEST: 33
INFO - [BLE_SEND] FROM 3 TO 1, BLE REQUEST: 33
INFO - [BLE_MESSAGE] Request: from: 2 to: 1 round:33
INFO - [BLE_SEND] FROM 1 TO 2, BLE REPLY: Ballot: n: 0 priority: 0 pid: 1
INFO - [BLE_MESSAGE] Request: from: 3 to: 1 round:33
INFO - [BLE_SEND] FROM 1 TO 3, BLE REPLY: Ballot: n: 0 priority: 0 pid: 1
INFO - [BLE_MESSAGE] Reply
INFO - [BLE_SEND] FROM 2 TO 1, BLE REQUEST: 34
INFO - [BLE_SEND] FROM 3 TO 1, BLE REQUEST: 34
INFO - [BLE_MESSAGE] Request: from: 2 to: 1 round:34
INFO - [BLE_SEND] FROM 1 TO 2, BLE REPLY: Ballot: n: 0 priority: 0 pid: 1
INFO - [BLE_MESSAGE] Request: from: 3 to: 1 round:34
INFO - [BLE_SEND] FROM 1 TO 3, BLE REPLY: Ballot: n: 0 priority: 0 pid: 1
INFO - [BLE_MESSAGE] Reply
INFO - [BLE_SEND] FROM 2 TO 1, BLE REQUEST: 35
INFO - [BLE_SEND] FROM 3 TO 1, BLE REQUEST: 35
INFO - [BLE_MESSAGE] Request: from: 2 to: 1 round:35
INFO - [BLE_SEND] FROM 1 TO 2, BLE REPLY: Ballot: n: 0 priority: 0 pid: 1
INFO - [BLE_MESSAGE] Request: from: 3 to: 1 round:35
INFO - [BLE_SEND] FROM 1 TO 3, BLE REPLY: Ballot: n: 0 priority: 0 pid: 1
INFO - [BLE_MESSAGE] Reply
INFO - [BLE_SEND] FROM 2 TO 1, BLE REQUEST: 36
INFO - [BLE_SEND] FROM 3 TO 1, BLE REQUEST: 36
INFO - [BLE_MESSAGE] Request: from: 2 to: 1 round:36
INFO - [BLE_SEND] FROM 1 TO 2, BLE REPLY: Ballot: n: 0 priority: 0 pid: 1
INFO - [BLE_MESSAGE] Request: from: 3 to: 1 round:36
INFO - [BLE_SEND] FROM 1 TO 3, BLE REPLY: Ballot: n: 0 priority: 0 pid: 1
INFO - [BLE_MESSAGE] Reply
INFO - [BLE_SEND] FROM 2 TO 1, BLE REQUEST: 37
INFO - [BLE_SEND] FROM 3 TO 1, BLE REQUEST: 37
INFO - [BLE_MESSAGE] Request: from: 2 to: 1 round:37
INFO - [BLE_SEND] FROM 1 TO 2, BLE REPLY: Ballot: n: 0 priority: 0 pid: 1
INFO - [BLE_MESSAGE] Request: from: 3 to: 1 round:37
INFO - [BLE_SEND] FROM 1 TO 3, BLE REPLY: Ballot: n: 0 priority: 0 pid: 1
INFO - [BLE_MESSAGE] Reply
INFO - [BLE_SEND] FROM 2 TO 1, BLE REQUEST: 38
INFO - [BLE_SEND] FROM 3 TO 1, BLE REQUEST: 38
INFO - [BLE_MESSAGE] Request: from: 2 to: 1 round:38
INFO - [BLE_SEND] FROM 1 TO 2, BLE REPLY: Ballot: n: 0 priority: 0 pid: 1
INFO - [BLE_MESSAGE] Request: from: 3 to: 1 round:38
INFO - [BLE_SEND] FROM 1 TO 3, BLE REPLY: Ballot: n: 0 priority: 0 pid: 1
INFO - [BLE_MESSAGE] Reply
INFO - [BLE_SEND] FROM 2 TO 1, BLE REQUEST: 39
INFO - [BLE_SEND] FROM 3 TO 1, BLE REQUEST: 39
INFO - [BLE_MESSAGE] Request: from: 2 to: 1 round:39
INFO - [BLE_SEND] FROM 1 TO 2, BLE REPLY: Ballot: n: 0 priority: 0 pid: 1
INFO - [BLE_MESSAGE] Request: from: 3 to: 1 round:39
INFO - [BLE_SEND] FROM 1 TO 3, BLE REPLY: Ballot: n: 0 priority: 0 pid: 1
INFO - [BLE_MESSAGE] Reply
INFO - [BLE_SEND] FROM 2 TO 1, BLE REQUEST: 40
INFO - [BLE_SEND] FROM 3 TO 1, BLE REQUEST: 40
INFO - [BLE_MESSAGE] Request: from: 2 to: 1 round:40
INFO - [BLE_SEND] FROM 1 TO 2, BLE REPLY: Ballot: n: 0 priority: 0 pid: 1
INFO - [BLE_MESSAGE] Request: from: 3 to: 1 round:40
INFO - [BLE_SEND] FROM 1 TO 3, BLE REPLY: Ballot: n: 0 priority: 0 pid: 1
INFO - [BLE_MESSAGE] Reply
INFO - [BLE_SEND] FROM 2 TO 1, BLE REQUEST: 41
INFO - [BLE_SEND] FROM 3 TO 1, BLE REQUEST: 41
INFO - [BLE_MESSAGE] Request: from: 2 to: 1 round:41
INFO - [BLE_SEND] FROM 1 TO 2, BLE REPLY: Ballot: n: 0 priority: 0 pid: 1
INFO - [BLE_MESSAGE] Request: from: 3 to: 1 round:41
INFO - [BLE_SEND] FROM 1 TO 3, BLE REPLY: Ballot: n: 0 priority: 0 pid: 1
INFO - [BLE_MESSAGE] Reply
INFO - [BLE_SEND] FROM 2 TO 1, BLE REQUEST: 42
INFO - [BLE_SEND] FROM 3 TO 1, BLE REQUEST: 42
INFO - [BLE_MESSAGE] Request: from: 2 to: 1 round:42
INFO - [BLE_SEND] FROM 1 TO 2, BLE REPLY: Ballot: n: 0 priority: 0 pid: 1
INFO - [BLE_MESSAGE] Request: from: 3 to: 1 round:42
INFO - [BLE_SEND] FROM 1 TO 3, BLE REPLY: Ballot: n: 0 priority: 0 pid: 1
INFO - [BLE_MESSAGE] Reply
INFO - [BLE_SEND] FROM 2 TO 1, BLE REQUEST: 43
INFO - [BLE_SEND] FROM 3 TO 1, BLE REQUEST: 43
INFO - [BLE_MESSAGE] Request: from: 2 to: 1 round:43
INFO - [BLE_SEND] FROM 1 TO 2, BLE REPLY: Ballot: n: 0 priority: 0 pid: 1
INFO - [BLE_MESSAGE] Request: from: 3 to: 1 round:43
INFO - [BLE_SEND] FROM 1 TO 3, BLE REPLY: Ballot: n: 0 priority: 0 pid: 1
INFO - [BLE_MESSAGE] Reply
INFO - [BLE_SEND] FROM 2 TO 1, BLE REQUEST: 44
INFO - [BLE_SEND] FROM 3 TO 1, BLE REQUEST: 44
INFO - [BLE_MESSAGE] Request: from: 2 to: 1 round:44
INFO - [BLE_SEND] FROM 1 TO 2, BLE REPLY: Ballot: n: 0 priority: 0 pid: 1
INFO - [BLE_MESSAGE] Request: from: 3 to: 1 round:44
INFO - [BLE_SEND] FROM 1 TO 3, BLE REPLY: Ballot: n: 0 priority: 0 pid: 1
INFO - [BLE_MESSAGE] Reply
INFO - [BLE_SEND] FROM 2 TO 1, BLE REQUEST: 45
INFO - [BLE_SEND] FROM 3 TO 1, BLE REQUEST: 45
INFO - [BLE_MESSAGE] Request: from: 2 to: 1 round:45
INFO - [BLE_SEND] FROM 1 TO 2, BLE REPLY: Ballot: n: 0 priority: 0 pid: 1
INFO - [BLE_MESSAGE] Request: from: 3 to: 1 round:45
INFO - [BLE_SEND] FROM 1 TO 3, BLE REPLY: Ballot: n: 0 priority: 0 pid: 1
INFO - [BLE_MESSAGE] Reply
INFO - [BLE_SEND] FROM 2 TO 1, BLE REQUEST: 46
INFO - [BLE_SEND] FROM 3 TO 1, BLE REQUEST: 46
INFO - [BLE_MESSAGE] Request: from: 2 to: 1 round:46
INFO - [BLE_SEND] FROM 1 TO 2, BLE REPLY: Ballot: n: 0 priority: 0 pid: 1
INFO - [BLE_MESSAGE] Request: from: 3 to: 1 round:46
INFO - [BLE_SEND] FROM 1 TO 3, BLE REPLY: Ballot: n: 0 priority: 0 pid: 1
INFO - [BLE_MESSAGE] Reply
INFO - [BLE_SEND] FROM 2 TO 1, BLE REQUEST: 47
INFO - [BLE_SEND] FROM 3 TO 1, BLE REQUEST: 47
INFO - [BLE_MESSAGE] Request: from: 2 to: 1 round:47
INFO - [BLE_SEND] FROM 1 TO 2, BLE REPLY: Ballot: n: 0 priority: 0 pid: 1
INFO - [BLE_MESSAGE] Request: from: 3 to: 1 round:47
INFO - [BLE_SEND] FROM 1 TO 3, BLE REPLY: Ballot: n: 0 priority: 0 pid: 1
INFO - [BLE_MESSAGE] Reply
INFO - [BLE_SEND] FROM 2 TO 1, BLE REQUEST: 48
INFO - [BLE_SEND] FROM 3 TO 1, BLE REQUEST: 48
INFO - [BLE_MESSAGE] Request: from: 2 to: 1 round:48
INFO - [BLE_SEND] FROM 1 TO 2, BLE REPLY: Ballot: n: 0 priority: 0 pid: 1
INFO - [BLE_MESSAGE] Request: from: 3 to: 1 round:48
INFO - [BLE_SEND] FROM 1 TO 3, BLE REPLY: Ballot: n: 0 priority: 0 pid: 1
INFO - [BLE_MESSAGE] Reply
INFO - [BLE_SEND] FROM 2 TO 1, BLE REQUEST: 49
INFO - [BLE_SEND] FROM 3 TO 1, BLE REQUEST: 49
INFO - [BLE_MESSAGE] Request: from: 2 to: 1 round:49
INFO - [BLE_SEND] FROM 1 TO 2, BLE REPLY: Ballot: n: 0 priority: 0 pid: 1
INFO - [BLE_MESSAGE] Request: from: 3 to: 1 round:49
INFO - [BLE_SEND] FROM 1 TO 3, BLE REPLY: Ballot: n: 0 priority: 0 pid: 1
INFO - [BLE_MESSAGE] Reply
INFO - [BLE_SEND] FROM 2 TO 1, BLE REQUEST: 50
INFO - [BLE_SEND] FROM 3 TO 1, BLE REQUEST: 50
INFO - [BLE_MESSAGE] Request: from: 2 to: 1 round:50
INFO - [BLE_SEND] FROM 1 TO 2, BLE REPLY: Ballot: n: 0 priority: 0 pid: 1
INFO - [BLE_MESSAGE] Request: from: 3 to: 1 round:50
INFO - [BLE_SEND] FROM 1 TO 3, BLE REPLY: Ballot: n: 0 priority: 0 pid: 1
INFO - [BLE_MESSAGE] Reply
INFO - [BLE_SEND] FROM 2 TO 1, BLE REQUEST: 51
INFO - [BLE_SEND] FROM 3 TO 1, BLE REQUEST: 51
INFO - [BLE_MESSAGE] Request: from: 2 to: 1 round:51
INFO - [BLE_SEND] FROM 1 TO 2, BLE REPLY: Ballot: n: 0 priority: 0 pid: 1
INFO - [BLE_MESSAGE] Request: from: 3 to: 1 round:51
INFO - [BLE_SEND] FROM 1 TO 3, BLE REPLY: Ballot: n: 0 priority: 0 pid: 1
INFO - [BLE_MESSAGE] Reply
INFO - [BLE_SEND] FROM 2 TO 1, BLE REQUEST: 52
INFO - [BLE_SEND] FROM 3 TO 1, BLE REQUEST: 52
INFO - [BLE_MESSAGE] Request: from: 2 to: 1 round:52
INFO - [BLE_SEND] FROM 1 TO 2, BLE REPLY: Ballot: n: 0 priority: 0 pid: 1
INFO - [BLE_MESSAGE] Request: from: 3 to: 1 round:52
INFO - [BLE_SEND] FROM 1 TO 3, BLE REPLY: Ballot: n: 0 priority: 0 pid: 1
INFO - [BLE_MESSAGE] Reply
INFO - [BLE_SEND] FROM 2 TO 1, BLE REQUEST: 53
INFO - [BLE_SEND] FROM 3 TO 1, BLE REQUEST: 53
INFO - [BLE_MESSAGE] Request: from: 2 to: 1 round:53
INFO - [BLE_SEND] FROM 1 TO 2, BLE REPLY: Ballot: n: 0 priority: 0 pid: 1
INFO - [BLE_MESSAGE] Request: from: 3 to: 1 round:53
INFO - [BLE_SEND] FROM 1 TO 3, BLE REPLY: Ballot: n: 0 priority: 0 pid: 1
INFO - [BLE_MESSAGE] Reply
INFO - [BLE_SEND] FROM 2 TO 1, BLE REQUEST: 54
INFO - [BLE_SEND] FROM 3 TO 1, BLE REQUEST: 54
INFO - [BLE_MESSAGE] Request: from: 2 to: 1 round:54
INFO - [BLE_SEND] FROM 1 TO 2, BLE REPLY: Ballot: n: 0 priority: 0 pid: 1
INFO - [BLE_MESSAGE] Request: from: 3 to: 1 round:54
INFO - [BLE_SEND] FROM 1 TO 3, BLE REPLY: Ballot: n: 0 priority: 0 pid: 1
INFO - [BLE_MESSAGE] Reply
INFO - [BLE_SEND] FROM 2 TO 1, BLE REQUEST: 55
INFO - [BLE_SEND] FROM 3 TO 1, BLE REQUEST: 55
INFO - [BLE_MESSAGE] Request: from: 2 to: 1 round:55
INFO - [BLE_SEND] FROM 1 TO 2, BLE REPLY: Ballot: n: 0 priority: 0 pid: 1
INFO - [BLE_MESSAGE] Request: from: 3 to: 1 round:55
INFO - [BLE_SEND] FROM 1 TO 3, BLE REPLY: Ballot: n: 0 priority: 0 pid: 1
INFO - [BLE_MESSAGE] Reply
INFO - [BLE_SEND] FROM 2 TO 1, BLE REQUEST: 56
INFO - [BLE_SEND] FROM 3 TO 1, BLE REQUEST: 56
INFO - [BLE_MESSAGE] Request: from: 2 to: 1 round:56
INFO - [BLE_SEND] FROM 1 TO 2, BLE REPLY: Ballot: n: 0 priority: 0 pid: 1
INFO - [BLE_MESSAGE] Request: from: 3 to: 1 round:56
INFO - [BLE_SEND] FROM 1 TO 3, BLE REPLY: Ballot: n: 0 priority: 0 pid: 1
INFO - [BLE_MESSAGE] Reply
INFO - [BLE_SEND] FROM 2 TO 1, BLE REQUEST: 57
INFO - [BLE_SEND] FROM 3 TO 1, BLE REQUEST: 57
INFO - [BLE_MESSAGE] Request: from: 2 to: 1 round:57
INFO - [BLE_SEND] FROM 1 TO 2, BLE REPLY: Ballot: n: 0 priority: 0 pid: 1
INFO - [BLE_MESSAGE] Request: from: 3 to: 1 round:57
INFO - [BLE_SEND] FROM 1 TO 3, BLE REPLY: Ballot: n: 0 priority: 0 pid: 1
INFO - [BLE_MESSAGE] Reply
INFO - [BLE_SEND] FROM 2 TO 1, BLE REQUEST: 58
INFO - [BLE_SEND] FROM 3 TO 1, BLE REQUEST: 58
INFO - [BLE_MESSAGE] Request: from: 2 to: 1 round:58
INFO - [BLE_SEND] FROM 1 TO 2, BLE REPLY: Ballot: n: 0 priority: 0 pid: 1
INFO - [BLE_MESSAGE] Request: from: 3 to: 1 round:58
INFO - [BLE_SEND] FROM 1 TO 3, BLE REPLY: Ballot: n: 0 priority: 0 pid: 1
INFO - [BLE_MESSAGE] Reply
INFO - [BLE_SEND] FROM 2 TO 1, BLE REQUEST: 59
INFO - [BLE_SEND] FROM 3 TO 1, BLE REQUEST: 59
INFO - [BLE_MESSAGE] Request: from: 2 to: 1 round:59
INFO - [BLE_SEND] FROM 1 TO 2, BLE REPLY: Ballot: n: 0 priority: 0 pid: 1
INFO - [BLE_MESSAGE] Request: from: 3 to: 1 round:59
INFO - [BLE_SEND] FROM 1 TO 3, BLE REPLY: Ballot: n: 0 priority: 0 pid: 1
INFO - [BLE_MESSAGE] Reply
INFO - [BLE_SEND] FROM 2 TO 1, BLE REQUEST: 60
INFO - [BLE_SEND] FROM 3 TO 1, BLE REQUEST: 60
INFO - [BLE_MESSAGE] Request: from: 2 to: 1 round:60
INFO - [BLE_SEND] FROM 1 TO 2, BLE REPLY: Ballot: n: 0 priority: 0 pid: 1
INFO - [BLE_MESSAGE] Request: from: 3 to: 1 round:60
INFO - [BLE_SEND] FROM 1 TO 3, BLE REPLY: Ballot: n: 0 priority: 0 pid: 1
INFO - [BLE_MESSAGE] Reply
INFO - [BLE_SEND] FROM 2 TO 1, BLE REQUEST: 61
INFO - [BLE_SEND] FROM 3 TO 1, BLE REQUEST: 61
INFO - [BLE_MESSAGE] Request: from: 2 to: 1 round:61
INFO - [BLE_SEND] FROM 1 TO 2, BLE REPLY: Ballot: n: 0 priority: 0 pid: 1
INFO - [BLE_MESSAGE] Request: from: 3 to: 1 round:61
INFO - [BLE_SEND] FROM 1 TO 3, BLE REPLY: Ballot: n: 0 priority: 0 pid: 1
INFO - [BLE_MESSAGE] Reply
INFO - [BLE_SEND] FROM 2 TO 1, BLE REQUEST: 62
INFO - [BLE_SEND] FROM 3 TO 1, BLE REQUEST: 62
INFO - [BLE_MESSAGE] Request: from: 2 to: 1 round:62
INFO - [BLE_SEND] FROM 1 TO 2, BLE REPLY: Ballot: n: 0 priority: 0 pid: 1
INFO - [BLE_MESSAGE] Request: from: 3 to: 1 round:62
INFO - [BLE_SEND] FROM 1 TO 3, BLE REPLY: Ballot: n: 0 priority: 0 pid: 1
INFO - [BLE_MESSAGE] Reply
INFO - [BLE_SEND] FROM 2 TO 1, BLE REQUEST: 63
INFO - [BLE_SEND] FROM 3 TO 1, BLE REQUEST: 63
INFO - [BLE_MESSAGE] Request: from: 2 to: 1 round:63
INFO - [BLE_SEND] FROM 1 TO 2, BLE REPLY: Ballot: n: 0 priority: 0 pid: 1
INFO - [BLE_MESSAGE] Request: from: 3 to: 1 round:63
INFO - [BLE_SEND] FROM 1 TO 3, BLE REPLY: Ballot: n: 0 priority: 0 pid: 1
INFO - [BLE_MESSAGE] Reply
INFO - [BLE_SEND] FROM 2 TO 1, BLE REQUEST: 64
INFO - [BLE_SEND] FROM 3 TO 1, BLE REQUEST: 64
INFO - [BLE_MESSAGE] Request: from: 2 to: 1 round:64
INFO - [BLE_SEND] FROM 1 TO 2, BLE REPLY: Ballot: n: 0 priority: 0 pid: 1
INFO - [BLE_MESSAGE] Request: from: 3 to: 1 round:64
INFO - [BLE_SEND] FROM 1 TO 3, BLE REPLY: Ballot: n: 0 priority: 0 pid: 1
INFO - [BLE_MESSAGE] Reply
INFO - [BLE_SEND] FROM 2 TO 1, BLE REQUEST: 65
INFO - [BLE_SEND] FROM 3 TO 1, BLE REQUEST: 65
INFO - [BLE_MESSAGE] Request: from: 2 to: 1 round:65
INFO - [BLE_SEND] FROM 1 TO 2, BLE REPLY: Ballot: n: 0 priority: 0 pid: 1
INFO - [BLE_MESSAGE] Request: from: 3 to: 1 round:65
INFO - [BLE_SEND] FROM 1 TO 3, BLE REPLY: Ballot: n: 0 priority: 0 pid: 1
INFO - [BLE_MESSAGE] Reply
INFO - [BLE_SEND] FROM 2 TO 1, BLE REQUEST: 66
INFO - [BLE_SEND] FROM 3 TO 1, BLE REQUEST: 66
INFO - [BLE_MESSAGE] Request: from: 2 to: 1 round:66
INFO - [BLE_SEND] FROM 1 TO 2, BLE REPLY: Ballot: n: 0 priority: 0 pid: 1
INFO - [BLE_MESSAGE] Request: from: 3 to: 1 round:66
INFO - [BLE_SEND] FROM 1 TO 3, BLE REPLY: Ballot: n: 0 priority: 0 pid: 1
INFO - [BLE_MESSAGE] Reply
INFO - [BLE_SEND] FROM 2 TO 1, BLE REQUEST: 67
INFO - [BLE_SEND] FROM 3 TO 1, BLE REQUEST: 67
INFO - [BLE_MESSAGE] Request: from: 2 to: 1 round:67
INFO - [BLE_SEND] FROM 1 TO 2, BLE REPLY: Ballot: n: 0 priority: 0 pid: 1
INFO - [BLE_MESSAGE] Request: from: 3 to: 1 round:67
INFO - [BLE_SEND] FROM 1 TO 3, BLE REPLY: Ballot: n: 0 priority: 0 pid: 1
INFO - [BLE_MESSAGE] Reply
INFO - [BLE_SEND] FROM 2 TO 1, BLE REQUEST: 68
INFO - [BLE_SEND] FROM 3 TO 1, BLE REQUEST: 68
INFO - [BLE_MESSAGE] Request: from: 2 to: 1 round:68
INFO - [BLE_SEND] FROM 1 TO 2, BLE REPLY: Ballot: n: 0 priority: 0 pid: 1
INFO - [BLE_MESSAGE] Request: from: 3 to: 1 round:68
INFO - [BLE_SEND] FROM 1 TO 3, BLE REPLY: Ballot: n: 0 priority: 0 pid: 1
INFO - [BLE_MESSAGE] Reply
INFO - [BLE_SEND] FROM 2 TO 1, BLE REQUEST: 69
INFO - [BLE_SEND] FROM 3 TO 1, BLE REQUEST: 69
INFO - [BLE_MESSAGE] Request: from: 2 to: 1 round:69
INFO - [BLE_SEND] FROM 1 TO 2, BLE REPLY: Ballot: n: 0 priority: 0 pid: 1
INFO - [BLE_MESSAGE] Request: from: 3 to: 1 round:69
INFO - [BLE_SEND] FROM 1 TO 3, BLE REPLY: Ballot: n: 0 priority: 0 pid: 1
INFO - [BLE_MESSAGE] Reply
INFO - [BLE_SEND] FROM 2 TO 1, BLE REQUEST: 70
INFO - [BLE_SEND] FROM 3 TO 1, BLE REQUEST: 70
INFO - [BLE_MESSAGE] Request: from: 2 to: 1 round:70
INFO - [BLE_SEND] FROM 1 TO 2, BLE REPLY: Ballot: n: 0 priority: 0 pid: 1
INFO - [BLE_MESSAGE] Request: from: 3 to: 1 round:70
INFO - [BLE_SEND] FROM 1 TO 3, BLE REPLY: Ballot: n: 0 priority: 0 pid: 1
INFO - [BLE_MESSAGE] Reply
INFO - [BLE_SEND] FROM 2 TO 1, BLE REQUEST: 71
INFO - [BLE_SEND] FROM 3 TO 1, BLE REQUEST: 71
INFO - [BLE_MESSAGE] Request: from: 2 to: 1 round:71
INFO - [BLE_SEND] FROM 1 TO 2, BLE REPLY: Ballot: n: 0 priority: 0 pid: 1
INFO - [BLE_MESSAGE] Request: from: 3 to: 1 round:71
INFO - [BLE_SEND] FROM 1 TO 3, BLE REPLY: Ballot: n: 0 priority: 0 pid: 1
INFO - [BLE_MESSAGE] Reply
INFO - [BLE_SEND] FROM 2 TO 1, BLE REQUEST: 72
INFO - [BLE_SEND] FROM 3 TO 1, BLE REQUEST: 72
INFO - [BLE_MESSAGE] Request: from: 2 to: 1 round:72
INFO - [BLE_SEND] FROM 1 TO 2, BLE REPLY: Ballot: n: 0 priority: 0 pid: 1
INFO - [BLE_MESSAGE] Request: from: 3 to: 1 round:72
INFO - [BLE_SEND] FROM 1 TO 3, BLE REPLY: Ballot: n: 0 priority: 0 pid: 1
INFO - [BLE_SEND] FROM 2 TO 1, BLE REQUEST: 73
INFO - [BLE_SEND] FROM 3 TO 1, BLE REQUEST: 73
INFO - [BLE_SEND] FROM 2 TO 1, BLE REQUEST: 74
INFO - [BLE_SEND] FROM 3 TO 1, BLE REQUEST: 74
INFO - [BLE_SEND] FROM 2 TO 1, BLE REQUEST: 75
INFO - [BLE_SEND] FROM 3 TO 1, BLE REQUEST: 75
INFO - [BLE_MESSAGE] Reply
INFO - [BLE_MESSAGE] Reply
INFO - [BLE_SEND] FROM 2 TO 1, BLE REQUEST: 76
INFO - [BLE_SEND] FROM 3 TO 1, BLE REQUEST: 76
INFO - [BLE_MESSAGE] Request: from: 2 to: 1 round:73
INFO - [BLE_MESSAGE] Request: from: 2 to: 1 round:74
INFO - [BLE_MESSAGE] Request: from: 3 to: 1 round:73
INFO - [BLE_MESSAGE] Request: from: 3 to: 1 round:74
INFO - [BLE_MESSAGE] Request: from: 2 to: 1 round:75
INFO - [BLE_MESSAGE] Request: from: 2 to: 1 round:76
INFO - [BLE_MESSAGE] Request: from: 3 to: 1 round:75
INFO - [BLE_SEND] FROM 1 TO 2, BLE REPLY: Ballot: n: 0 priority: 0 pid: 1
INFO - [BLE_SEND] FROM 1 TO 2, BLE REPLY: Ballot: n: 0 priority: 0 pid: 1
INFO - [BLE_SEND] FROM 1 TO 3, BLE REPLY: Ballot: n: 0 priority: 0 pid: 1
INFO - [BLE_SEND] FROM 1 TO 3, BLE REPLY: Ballot: n: 0 priority: 0 pid: 1
INFO - [BLE_SEND] FROM 1 TO 2, BLE REPLY: Ballot: n: 0 priority: 0 pid: 1
INFO - [BLE_SEND] FROM 1 TO 2, BLE REPLY: Ballot: n: 0 priority: 0 pid: 1
INFO - [BLE_SEND] FROM 1 TO 3, BLE REPLY: Ballot: n: 0 priority: 0 pid: 1
INFO - [BLE_MESSAGE] Request: from: 3 to: 1 round:76
INFO - [BLE_SEND] FROM 1 TO 3, BLE REPLY: Ballot: n: 0 priority: 0 pid: 1
INFO - [BLE_SEND] FROM 2 TO 1, BLE REQUEST: 77
INFO - [BLE_SEND] FROM 3 TO 1, BLE REQUEST: 77
INFO - [BLE_SEND] FROM 2 TO 1, BLE REQUEST: 78
INFO - [BLE_SEND] FROM 3 TO 1, BLE REQUEST: 78
INFO - [BLE_MESSAGE] Reply
INFO - [BLE_SEND] FROM 2 TO 1, BLE REQUEST: 79
INFO - [BLE_SEND] FROM 3 TO 1, BLE REQUEST: 79
INFO - [BLE_SEND] FROM 2 TO 1, BLE REQUEST: 80
INFO - [BLE_SEND] FROM 3 TO 1, BLE REQUEST: 80
INFO - [BLE_SEND] FROM 2 TO 1, BLE REQUEST: 81
INFO - [BLE_SEND] FROM 3 TO 1, BLE REQUEST: 81
INFO - [BLE_SEND] FROM 2 TO 1, BLE REQUEST: 82
INFO - [BLE_SEND] FROM 3 TO 1, BLE REQUEST: 82
INFO - [BLE_SEND] FROM 2 TO 1, BLE REQUEST: 83
INFO - [BLE_SEND] FROM 3 TO 1, BLE REQUEST: 83
INFO - [BLE_SEND] FROM 2 TO 1, BLE REQUEST: 84
INFO - [BLE_SEND] FROM 3 TO 1, BLE REQUEST: 84
INFO - [BLE_SEND] FROM 2 TO 1, BLE REQUEST: 85
INFO - [BLE_SEND] FROM 3 TO 1, BLE REQUEST: 85
INFO - [BLE_SEND] FROM 2 TO 1, BLE REQUEST: 86
INFO - [BLE_SEND] FROM 3 TO 1, BLE REQUEST: 86
INFO - [BLE_SEND] FROM 2 TO 1, BLE REQUEST: 87
INFO - [BLE_SEND] FROM 3 TO 1, BLE REQUEST: 87
INFO - [BLE_SEND] FROM 2 TO 1, BLE REQUEST: 88
INFO - [BLE_SEND] FROM 3 TO 1, BLE REQUEST: 88
INFO - [BLE_SEND] FROM 2 TO 1, BLE REQUEST: 89
INFO - [BLE_SEND] FROM 3 TO 1, BLE REQUEST: 89
INFO - [BLE_MESSAGE] Request: from: 3 to: 1 round:78
INFO - [BLE_MESSAGE] Request: from: 3 to: 1 round:77
INFO - [BLE_MESSAGE] Request: from: 2 to: 1 round:78
INFO - [BLE_MESSAGE] Request: from: 2 to: 1 round:77
INFO - [BLE_MESSAGE] Request: from: 2 to: 1 round:79
INFO - [BLE_MESSAGE] Request: from: 3 to: 1 round:79
INFO - [BLE_MESSAGE] Request: from: 2 to: 1 round:80
INFO - [BLE_MESSAGE] Request: from: 3 to: 1 round:80
INFO - [BLE_MESSAGE] Request: from: 2 to: 1 round:81
INFO - [BLE_MESSAGE] Request: from: 3 to: 1 round:81
INFO - [BLE_MESSAGE] Request: from: 2 to: 1 round:83
INFO - [BLE_MESSAGE] Request: from: 2 to: 1 round:82
INFO - [BLE_MESSAGE] Request: from: 3 to: 1 round:83
INFO - [BLE_MESSAGE] Request: from: 3 to: 1 round:82
INFO - [BLE_MESSAGE] Request: from: 3 to: 1 round:84
INFO - [BLE_MESSAGE] Request: from: 2 to: 1 round:84
INFO - [BLE_MESSAGE] Request: from: 2 to: 1 round:86
INFO - [BLE_MESSAGE] Request: from: 3 to: 1 round:86
INFO - [BLE_MESSAGE] Request: from: 2 to: 1 round:85
INFO - [BLE_MESSAGE] Request: from: 3 to: 1 round:85
INFO - [BLE_MESSAGE] Request: from: 2 to: 1 round:87
INFO - [BLE_MESSAGE] Request: from: 3 to: 1 round:88
INFO - [BLE_MESSAGE] Request: from: 3 to: 1 round:87
INFO - [BLE_MESSAGE] Request: from: 2 to: 1 round:88
INFO - [BLE_MESSAGE] Request: from: 2 to: 1 round:89
INFO - [BLE_SEND] FROM 1 TO 3, BLE REPLY: Ballot: n: 0 priority: 0 pid: 1
INFO - [BLE_SEND] FROM 1 TO 3, BLE REPLY: Ballot: n: 0 priority: 0 pid: 1
INFO - [BLE_SEND] FROM 1 TO 2, BLE REPLY: Ballot: n: 0 priority: 0 pid: 1
INFO - [BLE_SEND] FROM 1 TO 2, BLE REPLY: Ballot: n: 0 priority: 0 pid: 1
INFO - [BLE_SEND] FROM 1 TO 2, BLE REPLY: Ballot: n: 0 priority: 0 pid: 1
INFO - [BLE_SEND] FROM 1 TO 3, BLE REPLY: Ballot: n: 0 priority: 0 pid: 1
INFO - [BLE_SEND] FROM 1 TO 2, BLE REPLY: Ballot: n: 0 priority: 0 pid: 1
INFO - [BLE_SEND] FROM 1 TO 3, BLE REPLY: Ballot: n: 0 priority: 0 pid: 1
INFO - [BLE_SEND] FROM 1 TO 2, BLE REPLY: Ballot: n: 0 priority: 0 pid: 1
INFO - [BLE_SEND] FROM 1 TO 3, BLE REPLY: Ballot: n: 0 priority: 0 pid: 1
INFO - [BLE_SEND] FROM 1 TO 2, BLE REPLY: Ballot: n: 0 priority: 0 pid: 1
INFO - [BLE_SEND] FROM 1 TO 2, BLE REPLY: Ballot: n: 0 priority: 0 pid: 1
INFO - [BLE_SEND] FROM 1 TO 3, BLE REPLY: Ballot: n: 0 priority: 0 pid: 1
INFO - [BLE_SEND] FROM 1 TO 3, BLE REPLY: Ballot: n: 0 priority: 0 pid: 1
INFO - [BLE_SEND] FROM 1 TO 3, BLE REPLY: Ballot: n: 0 priority: 0 pid: 1
INFO - [BLE_SEND] FROM 1 TO 2, BLE REPLY: Ballot: n: 0 priority: 0 pid: 1
INFO - [BLE_SEND] FROM 1 TO 2, BLE REPLY: Ballot: n: 0 priority: 0 pid: 1
INFO - [BLE_SEND] FROM 1 TO 3, BLE REPLY: Ballot: n: 0 priority: 0 pid: 1
INFO - [BLE_SEND] FROM 1 TO 2, BLE REPLY: Ballot: n: 0 priority: 0 pid: 1
INFO - [BLE_SEND] FROM 1 TO 3, BLE REPLY: Ballot: n: 0 priority: 0 pid: 1
INFO - [BLE_SEND] FROM 1 TO 2, BLE REPLY: Ballot: n: 0 priority: 0 pid: 1
INFO - [BLE_SEND] FROM 1 TO 3, BLE REPLY: Ballot: n: 0 priority: 0 pid: 1
INFO - [BLE_SEND] FROM 1 TO 3, BLE REPLY: Ballot: n: 0 priority: 0 pid: 1
INFO - [BLE_SEND] FROM 1 TO 2, BLE REPLY: Ballot: n: 0 priority: 0 pid: 1
INFO - [BLE_SEND] FROM 1 TO 2, BLE REPLY: Ballot: n: 0 priority: 0 pid: 1
INFO - [BLE_SEND] FROM 2 TO 1, BLE REQUEST: 90
INFO - [BLE_SEND] FROM 3 TO 1, BLE REQUEST: 90
INFO - [BLE_SEND] FROM 2 TO 1, BLE REQUEST: 91
INFO - [BLE_SEND] FROM 3 TO 1, BLE REQUEST: 91
INFO - [BLE_SEND] FROM 2 TO 1, BLE REQUEST: 92
INFO - [BLE_SEND] FROM 3 TO 1, BLE REQUEST: 92
INFO - [BLE_MESSAGE] Request: from: 3 to: 1 round:89
INFO - [BLE_SEND] FROM 1 TO 3, BLE REPLY: Ballot: n: 0 priority: 0 pid: 1
INFO - [BLE_SEND] FROM 2 TO 1, BLE REQUEST: 93
INFO - [BLE_SEND] FROM 3 TO 1, BLE REQUEST: 93
INFO - START QUERY
INFO - START QUERY 2
INFO - STRONG 1
INFO - [BLE_SEND] FROM 2 TO 1, BLE REQUEST: 94
INFO - [BLE_SEND] FROM 3 TO 1, BLE REQUEST: 94
INFO - [BLE_SEND] FROM 2 TO 1, BLE REQUEST: 95
INFO - [BLE_SEND] FROM 3 TO 1, BLE REQUEST: 95
INFO - [BLE_SEND] FROM 2 TO 1, BLE REQUEST: 96
INFO - [BLE_SEND] FROM 3 TO 1, BLE REQUEST: 96
INFO - [BLE_SEND] FROM 2 TO 1, BLE REQUEST: 97
INFO - [BLE_SEND] FROM 3 TO 1, BLE REQUEST: 97
INFO - [BLE_SEND] FROM 2 TO 1, BLE REQUEST: 98
INFO - [BLE_SEND] FROM 3 TO 1, BLE REQUEST: 98
INFO - [BLE_SEND] FROM 2 TO 1, BLE REQUEST: 99
INFO - [BLE_SEND] FROM 3 TO 1, BLE REQUEST: 99
INFO - [BLE_SEND] FROM 2 TO 1, BLE REQUEST: 100
INFO - [BLE_SEND] FROM 3 TO 1, BLE REQUEST: 100
INFO - [BLE_SEND] FROM 2 TO 1, BLE REQUEST: 101
INFO - [BLE_SEND] FROM 3 TO 1, BLE REQUEST: 101
INFO - [BLE_SEND] FROM 2 TO 1, BLE REQUEST: 102
INFO - [BLE_SEND] FROM 3 TO 1, BLE REQUEST: 102
INFO - [BLE_SEND] FROM 2 TO 1, BLE REQUEST: 103
INFO - [BLE_SEND] FROM 3 TO 1, BLE REQUEST: 103
INFO - [BLE_SEND] FROM 2 TO 1, BLE REQUEST: 104
INFO - [BLE_SEND] FROM 3 TO 1, BLE REQUEST: 104
INFO - [BLE_SEND] FROM 2 TO 1, BLE REQUEST: 105
INFO - [BLE_SEND] FROM 3 TO 1, BLE REQUEST: 105
INFO - [BLE_SEND] FROM 2 TO 1, BLE REQUEST: 106
INFO - [BLE_SEND] FROM 3 TO 1, BLE REQUEST: 106
INFO - [BLE_SEND] FROM 2 TO 1, BLE REQUEST: 107
INFO - [BLE_SEND] FROM 3 TO 1, BLE REQUEST: 107
INFO - [BLE_SEND] FROM 2 TO 1, BLE REQUEST: 108
INFO - [BLE_SEND] FROM 3 TO 1, BLE REQUEST: 108
INFO - [BLE_SEND] FROM 2 TO 1, BLE REQUEST: 109
INFO - [BLE_SEND] FROM 3 TO 1, BLE REQUEST: 109
INFO - [BLE_SEND] FROM 2 TO 1, BLE REQUEST: 110
INFO - [BLE_SEND] FROM 3 TO 1, BLE REQUEST: 110
INFO - [BLE_SEND] FROM 2 TO 1, BLE REQUEST: 111
INFO - [BLE_SEND] FROM 3 TO 1, BLE REQUEST: 111
INFO - [BLE_SEND] FROM 2 TO 1, BLE REQUEST: 112
INFO - [BLE_SEND] FROM 3 TO 1, BLE REQUEST: 112
INFO - [BLE_SEND] FROM 2 TO 1, BLE REQUEST: 113
INFO - [BLE_SEND] FROM 3 TO 1, BLE REQUEST: 113
INFO - [BLE_SEND] FROM 2 TO 1, BLE REQUEST: 114
INFO - [BLE_SEND] FROM 3 TO 1, BLE REQUEST: 114
INFO - [BLE_SEND] FROM 2 TO 1, BLE REQUEST: 115
INFO - [BLE_SEND] FROM 3 TO 1, BLE REQUEST: 115
INFO - [BLE_SEND] FROM 2 TO 1, BLE REQUEST: 116
INFO - [BLE_SEND] FROM 3 TO 1, BLE REQUEST: 116
INFO - [BLE_SEND] FROM 2 TO 1, BLE REQUEST: 117
INFO - [BLE_SEND] FROM 3 TO 1, BLE REQUEST: 117
INFO - [BLE_SEND] FROM 2 TO 1, BLE REQUEST: 118
INFO - [BLE_SEND] FROM 3 TO 1, BLE REQUEST: 118
INFO - [BLE_SEND] FROM 2 TO 1, BLE REQUEST: 119
INFO - [BLE_SEND] FROM 3 TO 1, BLE REQUEST: 119
INFO - [BLE_SEND] FROM 2 TO 1, BLE REQUEST: 120
INFO - [BLE_SEND] FROM 3 TO 1, BLE REQUEST: 120
INFO - [BLE_SEND] FROM 2 TO 1, BLE REQUEST: 121
INFO - [BLE_SEND] FROM 3 TO 1, BLE REQUEST: 121
INFO - [BLE_SEND] FROM 2 TO 1, BLE REQUEST: 122
INFO - [BLE_SEND] FROM 3 TO 1, BLE REQUEST: 122
INFO - [BLE_SEND] FROM 2 TO 1, BLE REQUEST: 123
INFO - [BLE_SEND] FROM 3 TO 1, BLE REQUEST: 123
INFO - [BLE_SEND] FROM 2 TO 1, BLE REQUEST: 124
INFO - [BLE_SEND] FROM 3 TO 1, BLE REQUEST: 124
INFO - [BLE_SEND] FROM 2 TO 1, BLE REQUEST: 125
INFO - [BLE_SEND] FROM 3 TO 1, BLE REQUEST: 125
INFO - [BLE_SEND] FROM 2 TO 1, BLE REQUEST: 126
INFO - [BLE_SEND] FROM 3 TO 1, BLE REQUEST: 126
INFO - [BLE_SEND] FROM 2 TO 1, BLE REQUEST: 127
INFO - [BLE_SEND] FROM 3 TO 1, BLE REQUEST: 127
INFO - [BLE_MESSAGE] Request: from: 3 to: 1 round:90
INFO - [BLE_MESSAGE] Request: from: 2 to: 1 round:90
INFO - [BLE_SEND] FROM 1 TO 3, BLE REPLY: Ballot: n: 0 priority: 0 pid: 1
INFO - [BLE_SEND] FROM 1 TO 2, BLE REPLY: Ballot: n: 0 priority: 0 pid: 1
INFO - [BLE_MESSAGE] Request: from: 3 to: 1 round:92
INFO - [BLE_MESSAGE] Request: from: 3 to: 1 round:91
INFO - [BLE_MESSAGE] Request: from: 2 to: 1 round:92
INFO - [BLE_MESSAGE] Request: from: 2 to: 1 round:91
INFO - [BLE_SEND] FROM 1 TO 2, BLE REPLY: Ballot: n: 0 priority: 0 pid: 1
INFO - [BLE_SEND] FROM 1 TO 3, BLE REPLY: Ballot: n: 0 priority: 0 pid: 1
INFO - [BLE_SEND] FROM 1 TO 3, BLE REPLY: Ballot: n: 0 priority: 0 pid: 1
INFO - [BLE_SEND] FROM 1 TO 2, BLE REPLY: Ballot: n: 0 priority: 0 pid: 1
INFO - [BLE_SEND] FROM 2 TO 1, BLE REQUEST: 128
INFO - [BLE_SEND] FROM 3 TO 1, BLE REQUEST: 128
INFO - [BLE_SEND] FROM 2 TO 1, BLE REQUEST: 129
INFO - [BLE_SEND] FROM 3 TO 1, BLE REQUEST: 129
INFO - [BLE_SEND] FROM 2 TO 1, BLE REQUEST: 130
INFO - [BLE_SEND] FROM 3 TO 1, BLE REQUEST: 130
INFO - [BLE_MESSAGE] Request: from: 3 to: 1 round:96
INFO - [BLE_MESSAGE] Request: from: 3 to: 1 round:94
INFO - [BLE_MESSAGE] Request: from: 2 to: 1 round:93
INFO - [BLE_MESSAGE] Request: from: 2 to: 1 round:95
INFO - [BLE_MESSAGE] Request: from: 2 to: 1 round:94
INFO - [BLE_MESSAGE] Request: from: 3 to: 1 round:93
INFO - [BLE_MESSAGE] Request: from: 2 to: 1 round:96
INFO - [BLE_MESSAGE] Request: from: 2 to: 1 round:97
INFO - [BLE_MESSAGE] Request: from: 3 to: 1 round:97
INFO - [BLE_MESSAGE] Request: from: 3 to: 1 round:95
INFO - [BLE_SEND] FROM 1 TO 3, BLE REPLY: Ballot: n: 0 priority: 0 pid: 1
INFO - [BLE_SEND] FROM 1 TO 3, BLE REPLY: Ballot: n: 0 priority: 0 pid: 1
INFO - [BLE_SEND] FROM 1 TO 2, BLE REPLY: Ballot: n: 0 priority: 0 pid: 1
INFO - [BLE_SEND] FROM 1 TO 2, BLE REPLY: Ballot: n: 0 priority: 0 pid: 1
INFO - [BLE_SEND] FROM 1 TO 2, BLE REPLY: Ballot: n: 0 priority: 0 pid: 1
INFO - [BLE_SEND] FROM 1 TO 3, BLE REPLY: Ballot: n: 0 priority: 0 pid: 1
INFO - [BLE_SEND] FROM 1 TO 2, BLE REPLY: Ballot: n: 0 priority: 0 pid: 1
INFO - [BLE_SEND] FROM 1 TO 2, BLE REPLY: Ballot: n: 0 priority: 0 pid: 1
INFO - [BLE_SEND] FROM 1 TO 3, BLE REPLY: Ballot: n: 0 priority: 0 pid: 1
INFO - [BLE_SEND] FROM 1 TO 3, BLE REPLY: Ballot: n: 0 priority: 0 pid: 1
INFO - [BLE_MESSAGE] Request: from: 2 to: 1 round:99
INFO - [BLE_MESSAGE] Request: from: 2 to: 1 round:98
INFO - [BLE_MESSAGE] Request: from: 3 to: 1 round:99
INFO - [BLE_MESSAGE] Request: from: 3 to: 1 round:98
INFO - [BLE_MESSAGE] Request: from: 2 to: 1 round:100
INFO - [BLE_SEND] FROM 1 TO 2, BLE REPLY: Ballot: n: 0 priority: 0 pid: 1
INFO - [BLE_SEND] FROM 1 TO 2, BLE REPLY: Ballot: n: 0 priority: 0 pid: 1
INFO - [BLE_SEND] FROM 1 TO 3, BLE REPLY: Ballot: n: 0 priority: 0 pid: 1
INFO - [BLE_SEND] FROM 1 TO 3, BLE REPLY: Ballot: n: 0 priority: 0 pid: 1
INFO - [BLE_SEND] FROM 1 TO 2, BLE REPLY: Ballot: n: 0 priority: 0 pid: 1
INFO - [BLE_SEND] FROM 2 TO 1, BLE REQUEST: 131
INFO - [BLE_SEND] FROM 3 TO 1, BLE REQUEST: 131
INFO - [BLE_SEND] FROM 2 TO 1, BLE REQUEST: 132
INFO - [BLE_SEND] FROM 3 TO 1, BLE REQUEST: 132
INFO - [BLE_SEND] FROM 2 TO 1, BLE REQUEST: 133
INFO - [BLE_SEND] FROM 3 TO 1, BLE REQUEST: 133
INFO - [BLE_SEND] FROM 2 TO 1, BLE REQUEST: 134
INFO - [BLE_SEND] FROM 3 TO 1, BLE REQUEST: 134
INFO - [BLE_SEND] FROM 2 TO 1, BLE REQUEST: 135
INFO - [BLE_SEND] FROM 3 TO 1, BLE REQUEST: 135
INFO - [BLE_SEND] FROM 2 TO 1, BLE REQUEST: 136
INFO - [BLE_SEND] FROM 3 TO 1, BLE REQUEST: 136
INFO - [BLE_SEND] FROM 2 TO 1, BLE REQUEST: 137
INFO - [BLE_SEND] FROM 3 TO 1, BLE REQUEST: 137
INFO - [BLE_MESSAGE] Request: from: 3 to: 1 round:104
INFO - [BLE_MESSAGE] Request: from: 2 to: 1 round:103
INFO - [BLE_MESSAGE] Request: from: 3 to: 1 round:106
INFO - [BLE_MESSAGE] Request: from: 3 to: 1 round:103
INFO - [BLE_MESSAGE] Request: from: 2 to: 1 round:101
INFO - [BLE_MESSAGE] Request: from: 2 to: 1 round:104
INFO - [BLE_MESSAGE] Request: from: 3 to: 1 round:105
INFO - [BLE_MESSAGE] Request: from: 3 to: 1 round:101
INFO - [BLE_MESSAGE] Request: from: 2 to: 1 round:105
INFO - [BLE_MESSAGE] Request: from: 2 to: 1 round:102
INFO - [BLE_MESSAGE] Request: from: 2 to: 1 round:106
INFO - [BLE_MESSAGE] Request: from: 3 to: 1 round:100
INFO - [BLE_MESSAGE] Request: from: 3 to: 1 round:102
INFO - [BLE_MESSAGE] Request: from: 2 to: 1 round:107
INFO - [BLE_MESSAGE] Request: from: 3 to: 1 round:107
INFO - [BLE_MESSAGE] Request: from: 2 to: 1 round:108
INFO - [BLE_MESSAGE] Request: from: 2 to: 1 round:109
INFO - [BLE_MESSAGE] Request: from: 3 to: 1 round:108
INFO - [BLE_MESSAGE] Request: from: 3 to: 1 round:109
INFO - [BLE_MESSAGE] Request: from: 3 to: 1 round:113
INFO - [BLE_MESSAGE] Request: from: 2 to: 1 round:111
INFO - [BLE_MESSAGE] Request: from: 2 to: 1 round:114
INFO - [BLE_MESSAGE] Request: from: 3 to: 1 round:111
INFO - [BLE_MESSAGE] Request: from: 2 to: 1 round:113
INFO - [BLE_MESSAGE] Request: from: 2 to: 1 round:112
INFO - [BLE_MESSAGE] Request: from: 2 to: 1 round:110
INFO - [BLE_MESSAGE] Request: from: 3 to: 1 round:110
INFO - [BLE_MESSAGE] Request: from: 3 to: 1 round:112
INFO - [BLE_MESSAGE] Request: from: 2 to: 1 round:115
INFO - [BLE_MESSAGE] Request: from: 3 to: 1 round:114
INFO - [BLE_MESSAGE] Request: from: 3 to: 1 round:116
INFO - [BLE_MESSAGE] Request: from: 3 to: 1 round:117
INFO - [BLE_MESSAGE] Request: from: 3 to: 1 round:115
INFO - [BLE_MESSAGE] Request: from: 2 to: 1 round:116
INFO - [BLE_MESSAGE] Request: from: 2 to: 1 round:117
INFO - [BLE_MESSAGE] Request: from: 2 to: 1 round:118
INFO - [BLE_MESSAGE] Request: from: 2 to: 1 round:122
INFO - [BLE_MESSAGE] Request: from: 3 to: 1 round:119
INFO - [BLE_MESSAGE] Request: from: 3 to: 1 round:120
INFO - [BLE_MESSAGE] Request: from: 2 to: 1 round:120
INFO - [BLE_MESSAGE] Request: from: 3 to: 1 round:121
INFO - [BLE_MESSAGE] Request: from: 2 to: 1 round:121
INFO - [BLE_MESSAGE] Request: from: 3 to: 1 round:118
INFO - [BLE_MESSAGE] Request: from: 3 to: 1 round:122
INFO - [BLE_MESSAGE] Request: from: 2 to: 1 round:119
INFO - [BLE_MESSAGE] Request: from: 2 to: 1 round:123
INFO - [BLE_MESSAGE] Request: from: 3 to: 1 round:123
INFO - [BLE_SEND] FROM 1 TO 3, BLE REPLY: Ballot: n: 0 priority: 0 pid: 1
INFO - [BLE_SEND] FROM 1 TO 2, BLE REPLY: Ballot: n: 0 priority: 0 pid: 1
INFO - [BLE_SEND] FROM 1 TO 3, BLE REPLY: Ballot: n: 0 priority: 0 pid: 1
INFO - [BLE_SEND] FROM 1 TO 3, BLE REPLY: Ballot: n: 0 priority: 0 pid: 1
INFO - [BLE_SEND] FROM 1 TO 2, BLE REPLY: Ballot: n: 0 priority: 0 pid: 1
INFO - [BLE_SEND] FROM 1 TO 2, BLE REPLY: Ballot: n: 0 priority: 0 pid: 1
INFO - [BLE_SEND] FROM 1 TO 3, BLE REPLY: Ballot: n: 0 priority: 0 pid: 1
INFO - [BLE_SEND] FROM 1 TO 3, BLE REPLY: Ballot: n: 0 priority: 0 pid: 1
INFO - [BLE_SEND] FROM 1 TO 2, BLE REPLY: Ballot: n: 0 priority: 0 pid: 1
INFO - [BLE_SEND] FROM 1 TO 2, BLE REPLY: Ballot: n: 0 priority: 0 pid: 1
INFO - [BLE_SEND] FROM 1 TO 2, BLE REPLY: Ballot: n: 0 priority: 0 pid: 1
INFO - [BLE_SEND] FROM 1 TO 3, BLE REPLY: Ballot: n: 0 priority: 0 pid: 1
INFO - [BLE_SEND] FROM 1 TO 3, BLE REPLY: Ballot: n: 0 priority: 0 pid: 1
INFO - [BLE_SEND] FROM 1 TO 2, BLE REPLY: Ballot: n: 0 priority: 0 pid: 1
INFO - [BLE_SEND] FROM 1 TO 3, BLE REPLY: Ballot: n: 0 priority: 0 pid: 1
INFO - [BLE_SEND] FROM 1 TO 2, BLE REPLY: Ballot: n: 0 priority: 0 pid: 1
INFO - [BLE_SEND] FROM 1 TO 2, BLE REPLY: Ballot: n: 0 priority: 0 pid: 1
INFO - [BLE_SEND] FROM 1 TO 3, BLE REPLY: Ballot: n: 0 priority: 0 pid: 1
INFO - [BLE_SEND] FROM 1 TO 3, BLE REPLY: Ballot: n: 0 priority: 0 pid: 1
INFO - [BLE_SEND] FROM 1 TO 3, BLE REPLY: Ballot: n: 0 priority: 0 pid: 1
INFO - [BLE_SEND] FROM 1 TO 2, BLE REPLY: Ballot: n: 0 priority: 0 pid: 1
INFO - [BLE_SEND] FROM 1 TO 2, BLE REPLY: Ballot: n: 0 priority: 0 pid: 1
INFO - [BLE_SEND] FROM 1 TO 3, BLE REPLY: Ballot: n: 0 priority: 0 pid: 1
INFO - [BLE_SEND] FROM 1 TO 2, BLE REPLY: Ballot: n: 0 priority: 0 pid: 1
INFO - [BLE_SEND] FROM 1 TO 2, BLE REPLY: Ballot: n: 0 priority: 0 pid: 1
INFO - [BLE_MESSAGE] Request: from: 2 to: 1 round:124
INFO - [BLE_MESSAGE] Request: from: 2 to: 1 round:125
INFO - [BLE_SEND] FROM 1 TO 2, BLE REPLY: Ballot: n: 0 priority: 0 pid: 1
INFO - [BLE_SEND] FROM 1 TO 3, BLE REPLY: Ballot: n: 0 priority: 0 pid: 1
INFO - [BLE_SEND] FROM 1 TO 3, BLE REPLY: Ballot: n: 0 priority: 0 pid: 1
INFO - [BLE_SEND] FROM 1 TO 2, BLE REPLY: Ballot: n: 0 priority: 0 pid: 1
INFO - [BLE_SEND] FROM 1 TO 3, BLE REPLY: Ballot: n: 0 priority: 0 pid: 1
INFO - [BLE_SEND] FROM 1 TO 3, BLE REPLY: Ballot: n: 0 priority: 0 pid: 1
INFO - [BLE_SEND] FROM 1 TO 3, BLE REPLY: Ballot: n: 0 priority: 0 pid: 1
INFO - [BLE_SEND] FROM 1 TO 3, BLE REPLY: Ballot: n: 0 priority: 0 pid: 1
INFO - [BLE_SEND] FROM 1 TO 2, BLE REPLY: Ballot: n: 0 priority: 0 pid: 1
INFO - [BLE_SEND] FROM 1 TO 2, BLE REPLY: Ballot: n: 0 priority: 0 pid: 1
INFO - [BLE_SEND] FROM 1 TO 2, BLE REPLY: Ballot: n: 0 priority: 0 pid: 1
INFO - [BLE_SEND] FROM 1 TO 2, BLE REPLY: Ballot: n: 0 priority: 0 pid: 1
INFO - [BLE_SEND] FROM 1 TO 3, BLE REPLY: Ballot: n: 0 priority: 0 pid: 1
INFO - [BLE_SEND] FROM 1 TO 3, BLE REPLY: Ballot: n: 0 priority: 0 pid: 1
INFO - [BLE_SEND] FROM 1 TO 2, BLE REPLY: Ballot: n: 0 priority: 0 pid: 1
INFO - [BLE_SEND] FROM 1 TO 3, BLE REPLY: Ballot: n: 0 priority: 0 pid: 1
INFO - [BLE_SEND] FROM 1 TO 2, BLE REPLY: Ballot: n: 0 priority: 0 pid: 1
INFO - [BLE_SEND] FROM 1 TO 3, BLE REPLY: Ballot: n: 0 priority: 0 pid: 1
INFO - [BLE_SEND] FROM 1 TO 3, BLE REPLY: Ballot: n: 0 priority: 0 pid: 1
INFO - [BLE_SEND] FROM 1 TO 2, BLE REPLY: Ballot: n: 0 priority: 0 pid: 1
INFO - [BLE_SEND] FROM 1 TO 2, BLE REPLY: Ballot: n: 0 priority: 0 pid: 1
INFO - [BLE_SEND] FROM 1 TO 3, BLE REPLY: Ballot: n: 0 priority: 0 pid: 1
INFO - [BLE_MESSAGE] Request: from: 3 to: 1 round:125
INFO - [BLE_MESSAGE] Request: from: 3 to: 1 round:124
INFO - [BLE_MESSAGE] Request: from: 3 to: 1 round:126
INFO - [BLE_MESSAGE] Request: from: 2 to: 1 round:127
INFO - [BLE_MESSAGE] Request: from: 3 to: 1 round:127
INFO - [BLE_MESSAGE] Request: from: 2 to: 1 round:126
INFO - [BLE_SEND] FROM 1 TO 2, BLE REPLY: Ballot: n: 0 priority: 0 pid: 1
INFO - [BLE_SEND] FROM 1 TO 2, BLE REPLY: Ballot: n: 0 priority: 0 pid: 1
INFO - [BLE_SEND] FROM 1 TO 3, BLE REPLY: Ballot: n: 0 priority: 0 pid: 1
INFO - [BLE_SEND] FROM 1 TO 3, BLE REPLY: Ballot: n: 0 priority: 0 pid: 1
INFO - [BLE_SEND] FROM 1 TO 3, BLE REPLY: Ballot: n: 0 priority: 0 pid: 1
INFO - [BLE_SEND] FROM 1 TO 2, BLE REPLY: Ballot: n: 0 priority: 0 pid: 1
INFO - [BLE_SEND] FROM 1 TO 3, BLE REPLY: Ballot: n: 0 priority: 0 pid: 1
INFO - [BLE_SEND] FROM 1 TO 2, BLE REPLY: Ballot: n: 0 priority: 0 pid: 1
INFO - [BLE_SEND] FROM 2 TO 1, BLE REQUEST: 138
INFO - [BLE_SEND] FROM 3 TO 1, BLE REQUEST: 138
INFO - [BLE_SEND] FROM 2 TO 1, BLE REQUEST: 139
INFO - [BLE_SEND] FROM 3 TO 1, BLE REQUEST: 139
INFO - [BLE_SEND] FROM 2 TO 1, BLE REQUEST: 140
INFO - [BLE_SEND] FROM 3 TO 1, BLE REQUEST: 140
INFO - [BLE_SEND] FROM 2 TO 1, BLE REQUEST: 141
INFO - [BLE_SEND] FROM 3 TO 1, BLE REQUEST: 141
INFO - [BLE_SEND] FROM 2 TO 1, BLE REQUEST: 142
INFO - [BLE_SEND] FROM 3 TO 1, BLE REQUEST: 142
INFO - [BLE_SEND] FROM 2 TO 1, BLE REQUEST: 143
INFO - [BLE_SEND] FROM 3 TO 1, BLE REQUEST: 143
INFO - [BLE_SEND] FROM 2 TO 1, BLE REQUEST: 144
INFO - [BLE_SEND] FROM 3 TO 1, BLE REQUEST: 144
INFO - [BLE_SEND] FROM 2 TO 1, BLE REQUEST: 145
INFO - [BLE_SEND] FROM 3 TO 1, BLE REQUEST: 145
INFO - [BLE_SEND] FROM 2 TO 1, BLE REQUEST: 146
INFO - [BLE_SEND] FROM 3 TO 1, BLE REQUEST: 146
INFO - [BLE_MESSAGE] Request: from: 2 to: 1 round:128
INFO - [BLE_MESSAGE] Request: from: 2 to: 1 round:129
INFO - [BLE_MESSAGE] Request: from: 3 to: 1 round:128
INFO - [BLE_MESSAGE] Request: from: 2 to: 1 round:130
INFO - [BLE_MESSAGE] Request: from: 3 to: 1 round:129
INFO - [BLE_SEND] FROM 1 TO 2, BLE REPLY: Ballot: n: 0 priority: 0 pid: 1
INFO - [BLE_SEND] FROM 1 TO 2, BLE REPLY: Ballot: n: 0 priority: 0 pid: 1
INFO - [BLE_SEND] FROM 1 TO 3, BLE REPLY: Ballot: n: 0 priority: 0 pid: 1
INFO - [BLE_SEND] FROM 1 TO 2, BLE REPLY: Ballot: n: 0 priority: 0 pid: 1
INFO - [BLE_SEND] FROM 1 TO 3, BLE REPLY: Ballot: n: 0 priority: 0 pid: 1
INFO - [BLE_SEND] FROM 2 TO 1, BLE REQUEST: 147
INFO - [BLE_SEND] FROM 3 TO 1, BLE REQUEST: 147
INFO - [BLE_SEND] FROM 2 TO 1, BLE REQUEST: 148
INFO - [BLE_SEND] FROM 3 TO 1, BLE REQUEST: 148
INFO - [BLE_SEND] FROM 2 TO 1, BLE REQUEST: 149
INFO - [BLE_SEND] FROM 3 TO 1, BLE REQUEST: 149
INFO - [BLE_MESSAGE] Request: from: 3 to: 1 round:130
INFO - [BLE_SEND] FROM 1 TO 3, BLE REPLY: Ballot: n: 0 priority: 0 pid: 1
INFO - [BLE_SEND] FROM 2 TO 1, BLE REQUEST: 150
INFO - [BLE_SEND] FROM 3 TO 1, BLE REQUEST: 150
INFO - [BLE_SEND] FROM 2 TO 1, BLE REQUEST: 151
INFO - [BLE_SEND] FROM 3 TO 1, BLE REQUEST: 151
INFO - [BLE_SEND] FROM 2 TO 1, BLE REQUEST: 152
INFO - [BLE_SEND] FROM 3 TO 1, BLE REQUEST: 152
INFO - [BLE_SEND] FROM 2 TO 1, BLE REQUEST: 153
INFO - [BLE_SEND] FROM 3 TO 1, BLE REQUEST: 153
INFO - [BLE_SEND] FROM 2 TO 1, BLE REQUEST: 154
INFO - [BLE_SEND] FROM 3 TO 1, BLE REQUEST: 154
INFO - [BLE_SEND] FROM 2 TO 1, BLE REQUEST: 155
INFO - [BLE_SEND] FROM 3 TO 1, BLE REQUEST: 155
INFO - [BLE_SEND] FROM 2 TO 1, BLE REQUEST: 156
INFO - [BLE_SEND] FROM 3 TO 1, BLE REQUEST: 156
INFO - [BLE_SEND] FROM 2 TO 1, BLE REQUEST: 157
INFO - [BLE_SEND] FROM 3 TO 1, BLE REQUEST: 157
INFO - [BLE_SEND] FROM 2 TO 1, BLE REQUEST: 158
INFO - [BLE_SEND] FROM 3 TO 1, BLE REQUEST: 158
INFO - [BLE_SEND] FROM 2 TO 1, BLE REQUEST: 159
INFO - [BLE_SEND] FROM 3 TO 1, BLE REQUEST: 159
INFO - [BLE_SEND] FROM 2 TO 1, BLE REQUEST: 160
INFO - [BLE_SEND] FROM 3 TO 1, BLE REQUEST: 160
INFO - [BLE_SEND] FROM 2 TO 1, BLE REQUEST: 161
INFO - [BLE_SEND] FROM 3 TO 1, BLE REQUEST: 161
INFO - [BLE_SEND] FROM 2 TO 1, BLE REQUEST: 162
INFO - [BLE_SEND] FROM 3 TO 1, BLE REQUEST: 162
INFO - [BLE_MESSAGE] Request: from: 3 to: 1 round:132
INFO - [BLE_MESSAGE] Request: from: 3 to: 1 round:131
INFO - [BLE_MESSAGE] Request: from: 2 to: 1 round:132
INFO - [BLE_MESSAGE] Request: from: 2 to: 1 round:131
INFO - [BLE_MESSAGE] Request: from: 3 to: 1 round:134
INFO - [BLE_MESSAGE] Request: from: 3 to: 1 round:133
INFO - [BLE_MESSAGE] Request: from: 3 to: 1 round:136
INFO - [BLE_MESSAGE] Request: from: 2 to: 1 round:134
INFO - [BLE_SEND] FROM 1 TO 3, BLE REPLY: Ballot: n: 0 priority: 0 pid: 1
INFO - [BLE_SEND] FROM 1 TO 3, BLE REPLY: Ballot: n: 0 priority: 0 pid: 1
INFO - [BLE_SEND] FROM 1 TO 2, BLE REPLY: Ballot: n: 0 priority: 0 pid: 1
INFO - [BLE_SEND] FROM 1 TO 2, BLE REPLY: Ballot: n: 0 priority: 0 pid: 1
INFO - [BLE_SEND] FROM 1 TO 3, BLE REPLY: Ballot: n: 0 priority: 0 pid: 1
INFO - [BLE_SEND] FROM 1 TO 3, BLE REPLY: Ballot: n: 0 priority: 0 pid: 1
INFO - [BLE_MESSAGE] Request: from: 2 to: 1 round:135
INFO - [BLE_MESSAGE] Request: from: 2 to: 1 round:133
INFO - [BLE_MESSAGE] Request: from: 3 to: 1 round:135
INFO - [BLE_MESSAGE] Request: from: 2 to: 1 round:136
INFO - [BLE_MESSAGE] Request: from: 2 to: 1 round:137
INFO - [BLE_SEND] FROM 1 TO 3, BLE REPLY: Ballot: n: 0 priority: 0 pid: 1
INFO - [BLE_SEND] FROM 1 TO 2, BLE REPLY: Ballot: n: 0 priority: 0 pid: 1
INFO - [BLE_SEND] FROM 1 TO 2, BLE REPLY: Ballot: n: 0 priority: 0 pid: 1
INFO - [BLE_SEND] FROM 1 TO 2, BLE REPLY: Ballot: n: 0 priority: 0 pid: 1
INFO - [BLE_SEND] FROM 1 TO 3, BLE REPLY: Ballot: n: 0 priority: 0 pid: 1
INFO - [BLE_SEND] FROM 1 TO 2, BLE REPLY: Ballot: n: 0 priority: 0 pid: 1
INFO - [BLE_SEND] FROM 1 TO 2, BLE REPLY: Ballot: n: 0 priority: 0 pid: 1
INFO - [BLE_SEND] FROM 2 TO 1, BLE REQUEST: 163
INFO - [BLE_SEND] FROM 3 TO 1, BLE REQUEST: 163
INFO - [BLE_SEND] FROM 2 TO 1, BLE REQUEST: 164
INFO - [BLE_SEND] FROM 3 TO 1, BLE REQUEST: 164
INFO - [BLE_SEND] FROM 2 TO 1, BLE REQUEST: 165
INFO - [BLE_SEND] FROM 3 TO 1, BLE REQUEST: 165
INFO - [BLE_MESSAGE] Request: from: 3 to: 1 round:137
INFO - [BLE_SEND] FROM 1 TO 3, BLE REPLY: Ballot: n: 0 priority: 0 pid: 1
INFO - [BLE_SEND] FROM 2 TO 1, BLE REQUEST: 166
INFO - [BLE_SEND] FROM 3 TO 1, BLE REQUEST: 166
INFO - [BLE_SEND] FROM 2 TO 1, BLE REQUEST: 167
INFO - [BLE_SEND] FROM 3 TO 1, BLE REQUEST: 167
INFO - [BLE_SEND] FROM 2 TO 1, BLE REQUEST: 168
INFO - [BLE_SEND] FROM 3 TO 1, BLE REQUEST: 168
INFO - [BLE_SEND] FROM 2 TO 1, BLE REQUEST: 169
INFO - [BLE_SEND] FROM 3 TO 1, BLE REQUEST: 169
INFO - [BLE_SEND] FROM 2 TO 1, BLE REQUEST: 170
INFO - [BLE_SEND] FROM 3 TO 1, BLE REQUEST: 170
INFO - [BLE_SEND] FROM 2 TO 1, BLE REQUEST: 171
INFO - [BLE_SEND] FROM 3 TO 1, BLE REQUEST: 171
INFO - [BLE_SEND] FROM 2 TO 1, BLE REQUEST: 172
INFO - [BLE_SEND] FROM 3 TO 1, BLE REQUEST: 172
INFO - [BLE_SEND] FROM 2 TO 1, BLE REQUEST: 173
INFO - [BLE_SEND] FROM 3 TO 1, BLE REQUEST: 173
INFO - [BLE_SEND] FROM 2 TO 1, BLE REQUEST: 174
INFO - [BLE_SEND] FROM 3 TO 1, BLE REQUEST: 174
INFO - [BLE_SEND] FROM 2 TO 1, BLE REQUEST: 175
INFO - [BLE_SEND] FROM 3 TO 1, BLE REQUEST: 175
INFO - [BLE_SEND] FROM 2 TO 1, BLE REQUEST: 176
INFO - [BLE_SEND] FROM 3 TO 1, BLE REQUEST: 176
INFO - [BLE_SEND] FROM 2 TO 1, BLE REQUEST: 177
INFO - [BLE_SEND] FROM 3 TO 1, BLE REQUEST: 177
INFO - [BLE_SEND] FROM 2 TO 1, BLE REQUEST: 178
INFO - [BLE_SEND] FROM 3 TO 1, BLE REQUEST: 178
INFO - [BLE_SEND] FROM 2 TO 1, BLE REQUEST: 179
INFO - [BLE_SEND] FROM 3 TO 1, BLE REQUEST: 179
INFO - [BLE_SEND] FROM 2 TO 1, BLE REQUEST: 180
INFO - [BLE_SEND] FROM 3 TO 1, BLE REQUEST: 180
INFO - [BLE_SEND] FROM 2 TO 1, BLE REQUEST: 181
INFO - [BLE_SEND] FROM 3 TO 1, BLE REQUEST: 181
INFO - [BLE_SEND] FROM 2 TO 1, BLE REQUEST: 182
INFO - [BLE_SEND] FROM 3 TO 1, BLE REQUEST: 182
INFO - [BLE_SEND] FROM 2 TO 1, BLE REQUEST: 183
INFO - [BLE_SEND] FROM 3 TO 1, BLE REQUEST: 183
INFO - [BLE_SEND] FROM 2 TO 1, BLE REQUEST: 184
INFO - [BLE_SEND] FROM 3 TO 1, BLE REQUEST: 184
INFO - [BLE_SEND] FROM 2 TO 1, BLE REQUEST: 185
INFO - [BLE_SEND] FROM 3 TO 1, BLE REQUEST: 185
INFO - [BLE_SEND] FROM 2 TO 1, BLE REQUEST: 186
INFO - [BLE_SEND] FROM 3 TO 1, BLE REQUEST: 186
INFO - [BLE_SEND] FROM 2 TO 1, BLE REQUEST: 187
INFO - [BLE_SEND] FROM 3 TO 1, BLE REQUEST: 187
INFO - [BLE_SEND] FROM 2 TO 1, BLE REQUEST: 188
INFO - [BLE_SEND] FROM 3 TO 1, BLE REQUEST: 188
INFO - [BLE_SEND] FROM 2 TO 1, BLE REQUEST: 189
INFO - [BLE_SEND] FROM 3 TO 1, BLE REQUEST: 189
INFO - [BLE_SEND] FROM 2 TO 1, BLE REQUEST: 190
INFO - [BLE_SEND] FROM 3 TO 1, BLE REQUEST: 190
INFO - Start 1 !
INFO - [BLE_SEND] FROM 2 TO 1, BLE REQUEST: 1
INFO - [BLE_SEND] FROM 3 TO 1, BLE REQUEST: 1
INFO - [BLE_MESSAGE] Request: from: 2 to: 1 round:1
INFO - [BLE_SEND] FROM 1 TO 2, BLE REPLY: Ballot: n: 0 priority: 0 pid: 1
INFO - [BLE_MESSAGE] Request: from: 3 to: 1 round:1
INFO - [BLE_SEND] FROM 1 TO 3, BLE REPLY: Ballot: n: 0 priority: 0 pid: 1
INFO - [BLE_MESSAGE] Reply
INFO - TICK 0
INFO - [BLE_MESSAGE] Reply
INFO - Start 1 !
INFO - [BLE_MESSAGE] Reply
INFO - [BLE_SEND] FROM 2 TO 1, BLE REQUEST: 1
INFO - [BLE_SEND] FROM 3 TO 1, BLE REQUEST: 1
INFO - [BLE_MESSAGE] Request: from: 2 to: 1 round:1
INFO - [BLE_SEND] FROM 1 TO 2, BLE REPLY: Ballot: n: 0 priority: 0 pid: 1
INFO - [BLE_MESSAGE] Request: from: 3 to: 1 round:1
INFO - [BLE_SEND] FROM 1 TO 3, BLE REPLY: Ballot: n: 0 priority: 0 pid: 1
INFO - [BLE_SEND] FROM 2 TO 1, BLE REQUEST: 2
INFO - [BLE_SEND] FROM 3 TO 1, BLE REQUEST: 2
INFO - [BLE_SEND] FROM 2 TO 1, BLE REQUEST: 3
INFO - [BLE_SEND] FROM 3 TO 1, BLE REQUEST: 3
INFO - [BLE_SEND] FROM 2 TO 1, BLE REQUEST: 4
INFO - [BLE_SEND] FROM 3 TO 1, BLE REQUEST: 4
INFO - [BLE_SEND] FROM 2 TO 1, BLE REQUEST: 5
INFO - [BLE_SEND] FROM 3 TO 1, BLE REQUEST: 5
INFO - [BLE_MESSAGE] Request: from: 2 to: 1 round:2
INFO - [BLE_MESSAGE] Request: from: 3 to: 1 round:2
INFO - [BLE_MESSAGE] Request: from: 2 to: 1 round:3
INFO - [BLE_MESSAGE] Request: from: 3 to: 1 round:3
INFO - [BLE_MESSAGE] Request: from: 2 to: 1 round:4
INFO - [BLE_MESSAGE] Request: from: 2 to: 1 round:5
INFO - [BLE_MESSAGE] Request: from: 3 to: 1 round:4
INFO - [BLE_SEND] FROM 1 TO 2, BLE REPLY: Ballot: n: 0 priority: 0 pid: 1
INFO - [BLE_SEND] FROM 1 TO 3, BLE REPLY: Ballot: n: 0 priority: 0 pid: 1
INFO - [BLE_SEND] FROM 1 TO 2, BLE REPLY: Ballot: n: 0 priority: 0 pid: 1
INFO - [BLE_SEND] FROM 1 TO 3, BLE REPLY: Ballot: n: 0 priority: 0 pid: 1
INFO - [BLE_SEND] FROM 1 TO 2, BLE REPLY: Ballot: n: 0 priority: 0 pid: 1
INFO - [BLE_SEND] FROM 1 TO 2, BLE REPLY: Ballot: n: 0 priority: 0 pid: 1
INFO - [BLE_SEND] FROM 1 TO 3, BLE REPLY: Ballot: n: 0 priority: 0 pid: 1
INFO - [BLE_MESSAGE] Request: from: 3 to: 1 round:5
INFO - [BLE_SEND] FROM 1 TO 3, BLE REPLY: Ballot: n: 0 priority: 0 pid: 1
INFO - [BLE_MESSAGE] Reply
INFO - [BLE_MESSAGE] Reply
INFO - [BLE_MESSAGE] Reply
INFO - [BLE_MESSAGE] Reply
INFO - [BLE_MESSAGE] Reply
INFO - [BLE_MESSAGE] Reply
INFO - TICK 0
INFO - [BLE_MESSAGE] Reply
