Mar 22 13:11:05.597 INFO Ballot Leader Election componentMar 22 13:11:08.892 DEBG Newly elected leader: Ballot { n: 0, priority: 0, pid: 0 }
Mar 22 13:11:10.534 DEBG Newly elected leader: Ballot { n: 0, priority: 0, pid: 2 }
Mar 22 13:11:10.564 DEBG Handling promise from 1 in Prepare phase
r elected: Ballot { n: 0, priority: 0, pid: 0 }
Mar 22 13:11:10.534 DEBG Received a majority of heartbeats [(Ballot { n: 0, priority: 0, pid: 1 }, true)]
Mar 22 13:11:10.536 DEBG BLE 2, New Leader elected: Ballot { n: 0, priority: 0, pid: 2 }
Mar 22 13:11:12.226 WARN Did not receive a majority of heartbeats []
Mar 22 13:11:13.898 WARN Did not receive a majority of heartbeats []
Mar 22 13:11:15.569 WARN Did not receive a majority of heartbeats []
Mar 22 13:11:17.223 WARN Did not receive a majority of heartbeats []
Mar 22 13:11:18.845 WARN Did not receive a majority of heartbeats []
Mar 22 13:11:20.511 WARN Did not receive a majority of heartbeats []
Mar 22 13:11:22.209 WARN Did not receive a majority of heartbeats []
Mar 22 13:11:23.923 WARN Did not receive a majority of heartbeats []
Mar 22 13:11:25.507 WARN Did not receive a majority of heartbeats []
Mar 22 13:11:27.146 WARN Did not receive a majority of heartbeats []
Mar 22 13:11:28.874 WARN Did not receive a majority of heartbeats []
Mar 22 13:11:30.635 WARN Did not receive a majority of heartbeats []
Mar 22 13:11:32.279 WARN Did not receive a majority of heartbeats []
Mar 22 13:11:34.010 WARN Did not receive a majority of heartbeats []
Mar 22 13:11:35.675 WARN Did not receive a majority of heartbeats []
Mar 22 13:11:37.323 WARN Did not receive a majority of heartbeats []
Mar 22 13:11:39.005 WARN Did not receive a majority of heartbeats []
Mar 22 13:11:40.756 WARN Did not receive a majority of heartbeats []
Mar 22 13:11:42.429 WARN Did not receive a majority of heartbeats []
