Mar 23 20:41:25.973 INFO Ballot Leader Election component Mar 23 20:41:28.159 DEBG Newly elected leader: Ballot { n: 0, priority: 0, pid: 0 }
Mar 23 20:41:29.260 DEBG Newly elected leader: Ballot { n: 0, priority: 0, pid: 10 }
Mar 23 20:41:29.269 DEBG Handling promise from 9 in Prepare phase
Mar 23 20:41:29.279 DEBG Handling promise from 5 in Prepare phase
Mar 23 20:41:29.289 DEBG Handling promise from 4 in Prepare phase
Mar 23 20:41:29.292 DEBG Handling promise from 1 in Prepare phase
Mar 23 20:41:29.294 DEBG Handling promise from 3 in Prepare phase
Mar 23 20:41:29.297 DEBG Self role Leader, phase Accept. Incoming message Promise Accept from 6
Mar 23 20:41:29.299 DEBG Self role Leader, phase Accept. Incoming message Promise Accept from 2
Mar 23 20:41:29.302 DEBG Self role Leader, phase Accept. Incoming message Promise Accept from 7
Mar 23 20:41:29.305 DEBG Self role Leader, phase Accept. Incoming message Promise Accept from 8
Mar 23 20:41:30.338 DEBG Newly elected leader: Ballot { n: 1, priority: 0, pid: 8 }
iority: 0, pid: 8 }, true), (Ballot { n: 0, priority: 0, pid: 7 }, true), (Ballot { n: 0, priority: 0, pid: 6 }, true), (Ballot { n: 0, priority: 0, pid: 3 }, true)]
Mar 23 20:41:29.277 DEBG BLE 10, New Leader elected: Ballot { n: 0, priority: 0, pid: 10 }
Mar 23 20:41:30.330 DEBG Received a majority of heartbeats [(Ballot { n: 1, priority: 0, pid: 3 }, true), (Ballot { n: 1, priority: 0, pid: 5 }, true), (Ballot { n: 1, priority: 0, pid: 4 }, true), (Ballot { n: 1, priority: 0, pid: 1 }, true), (Ballot { n: 1, priority: 0, pid: 6 }, true), (Ballot { n: 1, priority: 0, pid: 2 }, true), (Ballot { n: 1, priority: 0, pid: 7 }, true), (Ballot { n: 1, priority: 0, pid: 8 }, true), (Ballot { n: 0, priority: 0, pid: 9 }, true)]
Mar 23 20:41:30.338 DEBG BLE 10, New Leader elected: Ballot { n: 1, priority: 0, pid: 8 }
Mar 23 20:41:31.390 WARN Did not receive a majority of heartbeats [(Ballot { n: 1, priority: 0, pid: 4 }, true), (Ballot { n: 1, priority: 0, pid: 5 }, true), (Ballot { n: 1, priority: 0, pid: 1 }, true), (Ballot { n: 1, priority: 0, pid: 3 }, true)]
Mar 23 20:41:32.459 WARN Did not receive a majority of heartbeats [(Ballot { n: 1, priority: 0, pid: 1 }, false), (Ballot { n: 1, priority: 0, pid: 4 }, false), (Ballot { n: 1, priority: 0, pid: 3 }, false), (Ballot { n: 1, priority: 0, pid: 5 }, false)]
Mar 23 20:41:33.556 WARN Did not receive a majority of heartbeats [(Ballot { n: 1, priority: 0, pid: 4 }, false), (Ballot { n: 1, priority: 0, pid: 3 }, false), (Ballot { n: 1, priority: 0, pid: 1 }, false), (Ballot { n: 1, priority: 0, pid: 5 }, false)]
Mar 23 20:41:34.628 WARN Did not receive a majority of heartbeats [(Ballot { n: 1, priority: 0, pid: 1 }, false), (Ballot { n: 1, priority: 0, pid: 4 }, false), (Ballot { n: 1, priority: 0, pid: 3 }, false), (Ballot { n: 1, priority: 0, pid: 5 }, false)]
Mar 23 20:41:35.712 WARN Did not receive a majority of heartbeats [(Ballot { n: 1, priority: 0, pid: 1 }, false), (Ballot { n: 1, priority: 0, pid: 5 }, false), (Ballot { n: 1, priority: 0, pid: 4 }, false), (Ballot { n: 1, priority: 0, pid: 3 }, false)]
Mar 23 20:41:36.814 WARN Did not receive a majority of heartbeats [(Ballot { n: 1, priority: 0, pid: 3 }, false), (Ballot { n: 1, priority: 0, pid: 5 }, false), (Ballot { n: 1, priority: 0, pid: 1 }, false), (Ballot { n: 1, priority: 0, pid: 4 }, false)]
Mar 23 20:41:37.927 WARN Did not receive a majority of heartbeats [(Ballot { n: 1, priority: 0, pid: 1 }, false), (Ballot { n: 1, priority: 0, pid: 3 }, false), (Ballot { n: 1, priority: 0, pid: 4 }, false), (Ballot { n: 1, priority: 0, pid: 5 }, false)]
