Mar 22 13:11:05.588 INFO Ballot Leader Election componentMar 22 13:11:08.865 DEBG Newly elected leader: Ballot { n: 0, priority: 0, pid: 0 }
Mar 22 13:11:10.508 DEBG Newly elected leader: Ballot { n: 0, priority: 0, pid: 2 }
ty: 0, pid: 2 }, false)]
Mar 22 13:11:08.869 DEBG BLE 1, New Leader elected: Ballot { n: 0, priority: 0, pid: 0 }
Mar 22 13:11:10.508 DEBG Received a majority of heartbeats [(Ballot { n: 0, priority: 0, pid: 2 }, true)]
Mar 22 13:11:10.510 DEBG BLE 1, New Leader elected: Ballot { n: 0, priority: 0, pid: 2 }
Mar 22 13:11:12.212 DEBG Received a majority of heartbeats [(Ballot { n: 0, priority: 0, pid: 2 }, true)]
Mar 22 13:11:13.886 WARN Did not receive a majority of heartbeats []
Mar 22 13:11:15.558 WARN Did not receive a majority of heartbeats []
Mar 22 13:11:17.207 WARN Did not receive a majority of heartbeats []
Mar 22 13:11:18.831 WARN Did not receive a majority of heartbeats []
Mar 22 13:11:20.496 WARN Did not receive a majority of heartbeats []
Mar 22 13:11:22.201 WARN Did not receive a majority of heartbeats []
Mar 22 13:11:23.910 WARN Did not receive a majority of heartbeats []
Mar 22 13:11:25.494 WARN Did not receive a majority of heartbeats []
Mar 22 13:11:27.130 WARN Did not receive a majority of heartbeats []
Mar 22 13:11:28.867 WARN Did not receive a majority of heartbeats []
Mar 22 13:11:30.620 WARN Did not receive a majority of heartbeats []
Mar 22 13:11:32.255 WARN Did not receive a majority of heartbeats []
Mar 22 13:11:33.994 WARN Did not receive a majority of heartbeats []
Mar 22 13:11:35.660 WARN Did not receive a majority of heartbeats []
Mar 22 13:11:37.306 WARN Did not receive a majority of heartbeats []
Mar 22 13:11:38.990 WARN Did not receive a majority of heartbeats []
Mar 22 13:11:40.741 WARN Did not receive a majority of heartbeats []
Mar 22 13:11:42.417 WARN Did not receive a majority of heartbeats []
